
[2022-06-14 13:38:38] : 
[INFO] Logger initialized.
<_io.TextIOWrapper name='<stderr>' mode='w' encoding='utf-8'>
   ___              __       ___                       
 /'___\ __         /\ \     /\_ \                      
/\ \__//\_\    ____\ \ \___ \//\ \     ___      __     
\ \ ,__\/\ \  /',__\ \  _ `\ \ \ \   / __`\  /'_ `\   
 \ \ \_/\ \ \/\__, `\ \ \ \ \ \_\ \_/\ \L\ \/\ \L\ \  
  \ \_\  \ \_\/\____/ \ \_\ \_\/\____\ \____/\ \____ \ 
   \/_/   \/_/\/___/   \/_/\/_/\/____/\/___/  \/___L\ :
                                                /\____/
                                                \_/__/ v. 1.0 by @Skipper_



<_io.TextIOWrapper name='<stderr>' mode='w' encoding='utf-8'>
[2022-06-14 13:41:21] : 
[INFO] Logger initialized.

   ___              __       ___                       
 /'___\ __         /\ \     /\_ \                      
/\ \__//\_\    ____\ \ \___ \//\ \     ___      __     
\ \ ,__\/\ \  /',__\ \  _ `\ \ \ \   / __`\  /'_ `\   
 \ \ \_/\ \ \/\__, `\ \ \ \ \ \_\ \_/\ \L\ \/\ \L\ \  
  \ \_\  \ \_\/\____/ \ \_\ \_\/\____\ \____/\ \____ \ 
   \/_/   \/_/\/___/   \/_/\/_/\/____/\/___/  \/___L\ :
                                                /\____/
                                                \_/__/ v. 1.0 by @Skipper_




[2022-06-14 13:41:55] : 
[INFO] Logger initialized.

[2022-06-14 13:42:40] : 
[INFO] Logger initialized.

   ___              __       ___                       
 /'___\ __         /\ \     /\_ \                      
/\ \__//\_\    ____\ \ \___ \//\ \     ___      __     
\ \ ,__\/\ \  /',__\ \  _ `\ \ \ \   / __`\  /'_ `\   
 \ \ \_/\ \ \/\__, `\ \ \ \ \ \_\ \_/\ \L\ \/\ \L\ \  
  \ \_\  \ \_\/\____/ \ \_\ \_\/\____\ \____/\ \____ \ 
   \/_/   \/_/\/___/   \/_/\/_/\/____/\/___/  \/___L\ :
                                                /\____/
                                                \_/__/ v. 1.0 by @Skipper_




[2022-06-14 14:19:04] : 
[INFO] Logger initialized.

   ___              __       ___                       
 /'___\ __         /\ \     /\_ \                      
/\ \__//\_\    ____\ \ \___ \//\ \     ___      __     
\ \ ,__\/\ \  /',__\ \  _ `\ \ \ \   / __`\  /'_ `\   
 \ \ \_/\ \ \/\__, `\ \ \ \ \ \_\ \_/\ \L\ \/\ \L\ \  
  \ \_\  \ \_\/\____/ \ \_\ \_\/\____\ \____/\ \____ \ 
   \/_/   \/_/\/___/   \/_/\/_/\/____/\/___/  \/___L\ :
                                                /\____/
                                                \_/__/ v. 2.0 by @Skipper_

                                                                ,"(
               ////\                           _
              (//////--,,,,,_____            ,
            _;-------/////_______;,,        //
__________;-o,-------------......------'-._/(
      ::'==._.__,;;;;---           ____,.-.==
             "-.:______,...;-----/*   *    \(
                 '-._      `-._("           \
                     '-._                    '._




[2022-06-14 14:19:11] : 
[INFO] Logger initialized.

   ___              __       ___                       
 /'___\ __         /\ \     /\_ \                      
/\ \__//\_\    ____\ \ \___ \//\ \     ___      __     
\ \ ,__\/\ \  /',__\ \  _ `\ \ \ \   / __`\  /'_ `\   
 \ \ \_/\ \ \/\__, `\ \ \ \ \ \_\ \_/\ \L\ \/\ \L\ \  
  \ \_\  \ \_\/\____/ \ \_\ \_\/\____\ \____/\ \____ \ 
   \/_/   \/_/\/___/   \/_/\/_/\/____/\/___/  \/___L\ :
                                                /\____/
                                                \_/__/ v. 2.0 by @Skipper_

                                                                ,"(
               ////\                           _
              (//////--,,,,,_____            ,
            _;-------/////_______;,,        //
__________;-o,-------------......------'-._/(
      ::'==._.__,;;;;---           ____,.-.==
             "-.:______,...;-----/*   *    \(
                 '-._      `-._("   ctr     \
                     '-._                    '._



ok

[2022-06-14 14:21:13] : 
[INFO] Logger initialized.

   ___              __       ___                       
 /'___\ __         /\ \     /\_ \                      
/\ \__//\_\    ____\ \ \___ \//\ \     ___      __     
\ \ ,__\/\ \  /',__\ \  _ `\ \ \ \   / __`\  /'_ `\   
 \ \ \_/\ \ \/\__, `\ \ \ \ \ \_\ \_/\ \L\ \/\ \L\ \  
  \ \_\  \ \_\/\____/ \ \_\ \_\/\____\ \____/\ \____ \ 
   \/_/   \/_/\/___/   \/_/\/_/\/____/\/___/  \/___L\ :
                                                /\____/
                                                \_/__/ v. 2.0 by @Skipper_

                                                                ,"(
               ////\                           _
              (//////--,,,,,_____            ,
            _;-------/////_______;,,        //
__________;-o,-------------......------'-._/(
      ::'==._.__,;;;;---           ____,.-.==
             "-.:______,...;-----/*   *    \(
                 '-._      `-._("   ctr     \
                     '-._                    '._



ok

[2022-06-14 14:21:16] : 
[INFO] Logger initialized.

   ___              __       ___                       
 /'___\ __         /\ \     /\_ \                      
/\ \__//\_\    ____\ \ \___ \//\ \     ___      __     
\ \ ,__\/\ \  /',__\ \  _ `\ \ \ \   / __`\  /'_ `\   
 \ \ \_/\ \ \/\__, `\ \ \ \ \ \_\ \_/\ \L\ \/\ \L\ \  
  \ \_\  \ \_\/\____/ \ \_\ \_\/\____\ \____/\ \____ \ 
   \/_/   \/_/\/___/   \/_/\/_/\/____/\/___/  \/___L\ :
                                                /\____/
                                                \_/__/ v. 2.0 by @Skipper_

                                                                ,"(
               ////\                           _
              (//////--,,,,,_____            ,
            _;-------/////_______;,,        //
__________;-o,-------------......------'-._/(
      ::'==._.__,;;;;---           ____,.-.==
             "-.:______,...;-----/*   *    \(
                 '-._      `-._("   ctr     \
                     '-._                    '._



ok

[2022-06-14 14:21:24] : 
[INFO] Logger initialized.

   ___              __       ___                       
 /'___\ __         /\ \     /\_ \                      
/\ \__//\_\    ____\ \ \___ \//\ \     ___      __     
\ \ ,__\/\ \  /',__\ \  _ `\ \ \ \   / __`\  /'_ `\   
 \ \ \_/\ \ \/\__, `\ \ \ \ \ \_\ \_/\ \L\ \/\ \L\ \  
  \ \_\  \ \_\/\____/ \ \_\ \_\/\____\ \____/\ \____ \ 
   \/_/   \/_/\/___/   \/_/\/_/\/____/\/___/  \/___L\ :
                                                /\____/
                                                \_/__/ v. 2.0 by @Skipper_

                                                                ,"(
               ////\                           _
              (//////--,,,,,_____            ,
            _;-------/////_______;,,        //
__________;-o,-------------......------'-._/(
      ::'==._.__,;;;;---           ____,.-.==
             "-.:______,...;-----/*   *    \(
                 '-._      `-._("           \
                     '-._                    '._



ok

[2022-06-14 14:23:16] : 
[INFO] Logger initialized.

   ___              __       ___                       
 /'___\ __         /\ \     /\_ \                               
/\ \__//\_\    ____\ \ \___ \//\ \     ___      __     
\ \ ,__\/\ \  /',__\ \  _ `\ \ \ \   / __`\  /'_ `\   
 \ \ \_/\ \ \/\__, `\ \ \ \ \ \_\ \_/\ \L\ \/\ \L\ \  
  \ \_\  \ \_\/\____/ \ \_\ \_\/\____\ \____/\ \____ \ 
   \/_/   \/_/\/___/   \/_/\/_/\/____/\/___/  \/___L\ :
                                                /\____/
                                                \_/__/ v. 2.0 by @Skipper_
                                                               ////\                           _
                                                    (//////--,,,,,_____            / )
                                                    _;-------/////_______;,,        //
                                        __________;-o,-------------......------'-._/(
                                            ::'==._.__,;;;;---           ____,.-.==
                                                    "-.:______,...;-----/*   *    \(
                                                        '-._      `-._("           \
                                                            '-._                    '._

                                                                


ok

[2022-06-14 14:23:47] : 
[INFO] Logger initialized.

   ___              __       ___                       
 /'___\ __         /\ \     /\_ \                               
/\ \__//\_\    ____\ \ \___ \//\ \     ___      __     
\ \ ,__\/\ \  /',__\ \  _ `\ \ \ \   / __`\  /'_ `\   
 \ \ \_/\ \ \/\__, `\ \ \ \ \ \_\ \_/\ \L\ \/\ \L\ \  
  \ \_\  \ \_\/\____/ \ \_\ \_\/\____\ \____/\ \____ \ 
   \/_/   \/_/\/___/   \/_/\/_/\/____/\/___/  \/___L\ :
                                                /\____/
                                                \_/__/ v. 2.0 by @Skipper_
                                                             ////\                           _
                                                            (//////--,,,,,_____            / )
                                                            _;-------/////_______;,,        //
                                                __________;-o,-------------......------'-._/(
                                                    ::'==._.__,;;;;---           ____,.-.==
                                                            "-.:______,...;-----/*   *    \(
                                                                '-._      `-._("           \
                                                                    '-._                    '._

                                                                


ok

[2022-06-14 14:25:40] : 
[INFO] Logger initialized.

   ___              __       ___                       
 /'___\ __         /\ \     /\_ \                               
/\ \__//\_\    ____\ \ \___ \//\ \     ___      __     
\ \ ,__\/\ \  /',__\ \  _ `\ \ \ \   / __`\  /'_ `\   
 \ \ \_/\ \ \/\__, `\ \ \ \ \ \_\ \_/\ \L\ \/\ \L\ \  
  \ \_\  \ \_\/\____/ \ \_\ \_\/\____\ \____/\ \____ \ 
   \/_/   \/_/\/___/   \/_/\/_/\/____/\/___/  \/___L\ :
                                                /\____/
                                                \_/__/ v. 2.0 by @Skipper_
                 _
                 )_ `.
                )_ `.                )_ `. `|
              )_ `.` /
             )_ `-.` |
            )_ `-.` `              )_.- ` `                )_.-` `                  )_.-`\ /\                 )_.-| \O                      |  \             _        /   /    \        _
         ) `-._   / /O\  /O\ \   _.-` (
        )      `-/  `-'  `-'  \-`      (
        )     _.-|    __      |-._     (
         )_.-`   \ .-'  `-._  /   `-._(
                  \ `-.__.--`/
                   `-._  _.-"
                       ``

                                                                


ok

[2022-06-14 14:26:09] : 
[INFO] Logger initialized.

   ___              __       ___                       
 /'___\ __         /\ \     /\_ \                               
/\ \__//\_\    ____\ \ \___ \//\ \     ___      __     
\ \ ,__\/\ \  /',__\ \  _ `\ \ \ \   / __`\  /'_ `\   
 \ \ \_/\ \ \/\__, `\ \ \ \ \ \_\ \_/\ \L\ \/\ \L\ \  
  \ \_\  \ \_\/\____/ \ \_\ \_\/\____\ \____/\ \____ \ 
   \/_/   \/_/\/___/   \/_/\/_/\/____/\/___/  \/___L\ :
                                                /\____/
                                                \_/__/ v. 2.0 by @Skipper_
                 _
                 )_ `.
                )_ `. :
               )_ `. `|
              )_ `.` /
             )_ `-.` |
            )_ `-.` ` :
             )_.- ` `  :
              )_.-` `   :
               )_.-`\ /\ :
                )_.-| \O  :
                    |  \   :
          _        /   /    \        _
         ) `-._   / /O\  /O\ \   _.-` (
        )      `-/  `-'  `-'  \-`      (
        )     _.-|    __      |-._     (
         )_.-`   \ .-'  `-._  /   `-._(
                  \ `-.__.--`/
                   `-._  _.-"
                       ``

                                                                


ok

[2022-06-14 14:29:52] : 
[95m[INFO] Logger initialized.
[0m
   ___              __       ___                       
 /'___\ __         /\ \     /\_ \                               
/\ \__//\_\    ____\ \ \___ \//\ \     ___      __     
\ \ ,__\/\ \  /',__\ \  _ `\ \ \ \   / __`\  /'_ `\   
 \ \ \_/\ \ \/\__, `\ \ \ \ \ \_\ \_/\ \L\ \/\ \L\ \  
  \ \_\  \ \_\/\____/ \ \_\ \_\/\____\ \____/\ \____ \ 
   \/_/   \/_/\/___/   \/_/\/_/\/____/\/___/  \/___L\ :
                                                /\____/
                                                \_/__/ v. 2.0 by @Skipper_
                 _
                 )_ `.
                )_ `. :
               )_ `. `|
              )_ `.` /
             )_ `-.` |
            )_ `-.` ` :
             )_.- ` `  :
              )_.-` `   :
               )_.-`\ /\ :
                )_.-| \O  :
                    |  \   :
          _        /   /    \        _
         ) `-._   / /O\  /O\ \   _.-` (
        )      `-/  `-'  `-'  \-`      (
        )     _.-|    __      |-._     (
         )_.-`   \ .-'  `-._  /   `-._(
                  \ `-.__.--`/
                   `-._  _.-"
                       ``

                                                                


ok

[2022-06-14 14:30:55] : 
[95m[INFO] Logger initialized.
[0m
   ___              __       ___                       
 /'___\ __         /\ \     /\_ \                               
/\ \__//\_\    ____\ \ \___ \//\ \     ___      __     
\ \ ,__\/\ \  /',__\ \  _ `\ \ \ \   / __`\  /'_ `\   
 \ \ \_/\ \ \/\__, `\ \ \ \ \ \_\ \_/\ \L\ \/\ \L\ \  
  \ \_\  \ \_\/\____/ \ \_\ \_\/\____\ \____/\ \____ \ 
   \/_/   \/_/\/___/   \/_/\/_/\/____/\/___/  \/___L\ :
                                                /\____/
                                                \_/__/ v. 2.0 by @Skipper_
                 _
                 )_ `.
                )_ `. :
               )_ `. `|
              )_ `.` /
             )_ `-.` |
            )_ `-.` ` :
             )_.- ` `  :
              )_.-` `   :
               )_.-`\ /\ :
                )_.-| \O  :
                    |  \   :
          _        /   /    \        _
         ) `-._   / /O\  /O\ \   _.-` (
        )      `-/  `-'  `-'  \-`      (
        )     _.-|    __      |-._     (
         )_.-`   \ .-'  `-._  /   `-._(
                  \ `-.__.--`/
                   `-._  _.-"
                       ``

                                                                


ok

[2022-06-14 14:31:03] : 
[95m[INFO] Logger initialized.
[0m
   ___              __       ___                       
 /'___\ __         /\ \     /\_ \                               
/\ \__//\_\    ____\ \ \___ \//\ \     ___      __     
\ \ ,__\/\ \  /',__\ \  _ `\ \ \ \   / __`\  /'_ `\   
 \ \ \_/\ \ \/\__, `\ \ \ \ \ \_\ \_/\ \L\ \/\ \L\ \  
  \ \_\  \ \_\/\____/ \ \_\ \_\/\____\ \____/\ \____ \ 
   \/_/   \/_/\/___/   \/_/\/_/\/____/\/___/  \/___L\ :
                                                /\____/
                                                \_/__/ v. 2.0 by @Skipper_
                 _
                 )_ `.
                )_ `. :
               )_ `. `|
              )_ `.` /
             )_ `-.` |
            )_ `-.` ` :
             )_.- ` `  :
              )_.-` `   :
               )_.-`\ /\ :
                )_.-| \O  :
                    |  \   :
          _        /   /    \        _
         ) `-._   / /O\  /O\ \   _.-` (
        )      `-/  `-'  `-'  \-`      (
        )     _.-|    __      |-._     (
         )_.-`   \ .-'  `-._  /   `-._(
                  \ `-.__.--`/
                   `-._  _.-"
                       ``

                                                                


ok

[2022-06-14 14:32:27] : 
[95m[INFO] Logger initialized.
[0m
   ___              __       ___                       
 /'___\ __         /\ \     /\_ \                               
/\ \__//\_\    ____\ \ \___ \//\ \     ___      __     
\ \ ,__\/\ \  /',__\ \  _ `\ \ \ \   / __`\  /'_ `\   
 \ \ \_/\ \ \/\__, `\ \ \ \ \ \_\ \_/\ \L\ \/\ \L\ \  
  \ \_\  \ \_\/\____/ \ \_\ \_\/\____\ \____/\ \____ \ 
   \/_/   \/_/\/___/   \/_/\/_/\/____/\/___/  \/___L\ :
                                                /\____/
                                                \_/__/ v. 2.0 by @Skipper_
        
                 _
                 )_ `.
                )_ `. :
               )_ `. `|
              )_ `.` /
             )_ `-.` |
            )_ `-.` ` :
             )_.- ` `  :
              )_.-` `   :
               )_.-`\ /\ :
                )_.-| \O  :
                    |  \   :
          _        /   /    \        _
         ) `-._   / /O\  /O\ \   _.-` (
        )      `-/  `-'  `-'  \-`      (
        )     _.-|    __      |-._     (
         )_.-`   \ .-'  `-._  /   `-._(
                  \ `-.__.--`/
                   `-._  _.-"
                       ``
ok

[2022-06-14 14:32:50] : 
[95m[INFO] Logger initialized.
[0m
   ___              __       ___                       
 /'___\ __         /\ \     /\_ \                               
/\ \__//\_\    ____\ \ \___ \//\ \     ___      __     
\ \ ,__\/\ \  /',__\ \  _ `\ \ \ \   / __`\  /'_ `\   
 \ \ \_/\ \ \/\__, `\ \ \ \ \ \_\ \_/\ \L\ \/\ \L\ \  
  \ \_\  \ \_\/\____/ \ \_\ \_\/\____\ \____/\ \____ \ 
   \/_/   \/_/\/___/   \/_/\/_/\/____/\/___/  \/___L\ :
                                                /\____/
                                                \_/__/ v. 2.0 by @Skipper_
        
                 _
                 )_ `.
                )_ `. :
               )_ `. `|
              )_ `.` /
             )_ `-.` |
            )_ `-.` ` :
             )_.- ` `  :
              )_.-` `   :
               )_.-`\ /\ :
                )_.-| \O  :
                    |  \   :
          _        /   /    \        _
         ) `-._   / /O\  /O\ \   _.-` (
        )      `-/  `-'  `-'  \-`      (
        )     _.-|    __      |-._     (
         )_.-`   \ .-'  `-._  /   `-._(
                  \ `-.__.--`/
                   `-._  _.-"
                       ``
ok

[2022-06-14 14:33:13] : 

   ___              __       ___                       
 /'___\ __         /\ \     /\_ \                               
/\ \__//\_\    ____\ \ \___ \//\ \     ___      __     
\ \ ,__\/\ \  /',__\ \  _ `\ \ \ \   / __`\  /'_ `\   
 \ \ \_/\ \ \/\__, `\ \ \ \ \ \_\ \_/\ \L\ \/\ \L\ \  
  \ \_\  \ \_\/\____/ \ \_\ \_\/\____\ \____/\ \____ \ 
   \/_/   \/_/\/___/   \/_/\/_/\/____/\/___/  \/___L\ :
                                                /\____/
                                                \_/__/ v. 2.0 by @Skipper_
        [95m[INFO] Logger initialized.
[0m
                 _
                 )_ `.
                )_ `. :
               )_ `. `|
              )_ `.` /
             )_ `-.` |
            )_ `-.` ` :
             )_.- ` `  :
              )_.-` `   :
               )_.-`\ /\ :
                )_.-| \O  :
                    |  \   :
          _        /   /    \        _
         ) `-._   / /O\  /O\ \   _.-` (
        )      `-/  `-'  `-'  \-`      (
        )     _.-|    __      |-._     (
         )_.-`   \ .-'  `-._  /   `-._(
                  \ `-.__.--`/
                   `-._  _.-"
                       ``
ok

[2022-06-14 14:33:48] : 

   ___              __       ___                       
 /'___\ __         /\ \     /\_ \                               
/\ \__//\_\    ____\ \ \___ \//\ \     ___      __     
\ \ ,__\/\ \  /',__\ \  _ `\ \ \ \   / __`\  /'_ `\   
 \ \ \_/\ \ \/\__, `\ \ \ \ \ \_\ \_/\ \L\ \/\ \L\ \  
  \ \_\  \ \_\/\____/ \ \_\ \_\/\____\ \____/\ \____ \ 
   \/_/   \/_/\/___/   \/_/\/_/\/____/\/___/  \/___L\ :
                                                /\____/
                                                \_/__/ v. 2.0 by @Skipper_
        [95m[INFO] Logger initialized.
[0m[94m
                 _
                 )_ `.
                )_ `. :
               )_ `. `|
              )_ `.` /
             )_ `-.` |
            )_ `-.` ` :
             )_.- ` `  :
              )_.-` `   :
               )_.-`\ /\ :
                )_.-| \O  :
                    |  \   :
          _        /   /    \        _
         ) `-._   / /O\  /O\ \   _.-` (
        )      `-/  `-'  `-'  \-`      (
        )     _.-|    __      |-._     (
         )_.-`   \ .-'  `-._  /   `-._(
                  \ `-.__.--`/
                   `-._  _.-"
                       ``
[0mok

[2022-06-14 14:37:26] : 
[38;5;%dm
   ___              __       ___                       
 /'___\ __         /\ \     /\_ \                               
/\ \__//\_\    ____\ \ \___ \//\ \     ___      __     
\ \ ,__\/\ \  /',__\ \  _ `\ \ \ \   / __`\  /'_ `\   
 \ \ \_/\ \ \/\__, `\ \ \ \ \ \_\ \_/\ \L\ \/\ \L\ \  
  \ \_\  \ \_\/\____/ \ \_\ \_\/\____\ \____/\ \____ \ 
   \/_/   \/_/\/___/   \/_/\/_/\/____/\/___/  \/___L\ :
                                                /\____/
                                                \_/__/ v. 2.0 by @Skipper_
        [0m[95m[INFO] Logger initialized.
[0m[94m
                 _
                 )_ `.
                )_ `. :
               )_ `. `|
              )_ `.` /
             )_ `-.` |
            )_ `-.` ` :
             )_.- ` `  :
              )_.-` `   :
               )_.-`\ /\ :
                )_.-| \O  :
                    |  \   :
          _        /   /    \        _
         ) `-._   / /O\  /O\ \   _.-` (
        )      `-/  `-'  `-'  \-`      (
        )     _.-|    __      |-._     (
         )_.-`   \ .-'  `-._  /   `-._(
                  \ `-.__.--`/
                   `-._  _.-"
                       ``
[0mok

[2022-06-14 14:37:33] : 
[38;5;%dm
   ___              __       ___                       
 /'___\ __         /\ \     /\_ \                               
/\ \__//\_\    ____\ \ \___ \//\ \     ___      __     
\ \ ,__\/\ \  /',__\ \  _ `\ \ \ \   / __`\  /'_ `\   
 \ \ \_/\ \ \/\__, `\ \ \ \ \ \_\ \_/\ \L\ \/\ \L\ \  
  \ \_\  \ \_\/\____/ \ \_\ \_\/\____\ \____/\ \____ \ 
   \/_/   \/_/\/___/   \/_/\/_/\/____/\/___/  \/___L\ :
                                                /\____/
                                                \_/__/ v. 2.0 by @Skipper_
        [0m[95m[INFO] Logger initialized.
[0m[94m
                 _
                 )_ `.
                )_ `. :
               )_ `. `|
              )_ `.` /
             )_ `-.` |
            )_ `-.` ` :
             )_.- ` `  :
              )_.-` `   :
               )_.-`\ /\ :
                )_.-| \O  :
                    |  \   :
          _        /   /    \        _
         ) `-._   / /O\  /O\ \   _.-` (
        )      `-/  `-'  `-'  \-`      (
        )     _.-|    __      |-._     (
         )_.-`   \ .-'  `-._  /   `-._(
                  \ `-.__.--`/
                   `-._  _.-"
                       ``
[0mok

[2022-06-14 14:38:11] : 
[38;5;%dm
   ___              __       ___                       
 /'___\ __         /\ \     /\_ \                               
/\ \__//\_\    ____\ \ \___ \//\ \     ___      __     
\ \ ,__\/\ \  /',__\ \  _ `\ \ \ \   / __`\  /'_ `\   
 \ \ \_/\ \ \/\__, `\ \ \ \ \ \_\ \_/\ \L\ \/\ \L\ \  
  \ \_\  \ \_\/\____/ \ \_\ \_\/\____\ \____/\ \____ \ 
   \/_/   \/_/\/___/   \/_/\/_/\/____/\/___/  \/___L\ :
                                                /\____/
                                                \_/__/ v. 2.0 by @Skipper_
        [0m[95m[INFO] Logger initialized.
[0m[94m
                 _
                 )_ `.
                )_ `. :
               )_ `. `|
              )_ `.` /
             )_ `-.` |
            )_ `-.` ` :
             )_.- ` `  :
              )_.-` `   :
               )_.-`\ /\ :
                )_.-| \O  :
                    |  \   :
          _        /   /    \        _
         ) `-._   / /O\  /O\ \   _.-` (
        )      `-/  `-'  `-'  \-`      (
        )     _.-|    __      |-._     (
         )_.-`   \ .-'  `-._  /   `-._(
                  \ `-.__.--`/
                   `-._  _.-"
                       ``
[0mok

[2022-06-14 14:38:43] : 
[1;31m
   ___              __       ___                       
 /'___\ __         /\ \     /\_ \                               
/\ \__//\_\    ____\ \ \___ \//\ \     ___      __     
\ \ ,__\/\ \  /',__\ \  _ `\ \ \ \   / __`\  /'_ `\   
 \ \ \_/\ \ \/\__, `\ \ \ \ \ \_\ \_/\ \L\ \/\ \L\ \  
  \ \_\  \ \_\/\____/ \ \_\ \_\/\____\ \____/\ \____ \ 
   \/_/   \/_/\/___/   \/_/\/_/\/____/\/___/  \/___L\ :
                                                /\____/
                                                \_/__/ v. 2.0 by @Skipper_
        [0m[95m[INFO] Logger initialized.
[0m[94m
                 _
                 )_ `.
                )_ `. :
               )_ `. `|
              )_ `.` /
             )_ `-.` |
            )_ `-.` ` :
             )_.- ` `  :
              )_.-` `   :
               )_.-`\ /\ :
                )_.-| \O  :
                    |  \   :
          _        /   /    \        _
         ) `-._   / /O\  /O\ \   _.-` (
        )      `-/  `-'  `-'  \-`      (
        )     _.-|    __      |-._     (
         )_.-`   \ .-'  `-._  /   `-._(
                  \ `-.__.--`/
                   `-._  _.-"
                       ``
[0mok

[2022-06-14 14:39:58] : 
[38;5;9m
   ___              __       ___                       
 /'___\ __         /\ \     /\_ \                               
/\ \__//\_\    ____\ \ \___ \//\ \     ___      __     
\ \ ,__\/\ \  /',__\ \  _ `\ \ \ \   / __`\  /'_ `\   
 \ \ \_/\ \ \/\__, `\ \ \ \ \ \_\ \_/\ \L\ \/\ \L\ \  
  \ \_\  \ \_\/\____/ \ \_\ \_\/\____\ \____/\ \____ \ 
   \/_/   \/_/\/___/   \/_/\/_/\/____/\/___/  \/___L\ :
                                                /\____/
                                                \_/__/ v. 2.0 by @Skipper_
        [0m[95m[INFO] Logger initialized.
[0m[1;36m
                 _
                 )_ `.
                )_ `. :
               )_ `. `|
              )_ `.` /
             )_ `-.` |
            )_ `-.` ` :
             )_.- ` `  :
              )_.-` `   :
               )_.-`\ /\ :
                )_.-| \O  :
                    |  \   :
          _        /   /    \        _
         ) `-._   / /O\  /O\ \   _.-` (
        )      `-/  `-'  `-'  \-`      (
        )     _.-|    __      |-._     (
         )_.-`   \ .-'  `-._  /   `-._(
                  \ `-.__.--`/
                   `-._  _.-"
                       ``
[0mok

[2022-06-14 14:40:43] : 
[38;5;9m
   ___              __       ___                       
 /'___\ __         /\ \     /\_ \                               
/\ \__//\_\    ____\ \ \___ \//\ \     ___      __     
\ \ ,__\/\ \  /',__\ \  _ `\ \ \ \   / __`\  /'_ `\   
 \ \ \_/\ \ \/\__, `\ \ \ \ \ \_\ \_/\ \L\ \/\ \L\ \  
  \ \_\  \ \_\/\____/ \ \_\ \_\/\____\ \____/\ \____ \ 
   \/_/   \/_/\/___/   \/_/\/_/\/____/\/___/  \/___L\ :
                                                /\____/
                                                \_/__/ v. 2.0 by @Skipper_
        [0m[95m
[INFO] Logger initialized.
[0m[1;36m
                 _
                 )_ `.
                )_ `. :
               )_ `. `|
              )_ `.` /
             )_ `-.` |
            )_ `-.` ` :
             )_.- ` `  :
              )_.-` `   :
               )_.-`\ /\ :
                )_.-| \O  :
                    |  \   :
          _        /   /    \        _
         ) `-._   / /O\  /O\ \   _.-` (
        )      `-/  `-'  `-'  \-`      (
        )     _.-|    __      |-._     (
         )_.-`   \ .-'  `-._  /   `-._(
                  \ `-.__.--`/
                   `-._  _.-"
                       ``
[0mok

[2022-06-14 14:43:37] : 
[38;5;10m
   ___              __       ___                       
 /'___\ __         /\ \     /\_ \                               
/\ \__//\_\    ____\ \ \___ \//\ \     ___      __     
\ \ ,__\/\ \  /',__\ \  _ `\ \ \ \   / __`\  /'_ `\   
 \ \ \_/\ \ \/\__, `\ \ \ \ \ \_\ \_/\ \L\ \/\ \L\ \  
  \ \_\  \ \_\/\____/ \ \_\ \_\/\____\ \____/\ \____ \ 
   \/_/   \/_/\/___/   \/_/\/_/\/____/\/___/  \/___L\ :
                                                /\____/
                                                \_/__/ v. 2.0 by @Skipper_
        [0m[95m
[INFO] Logger initialized.
[0m[1;36m
                 _
                 )_ `.
                )_ `. :
               )_ `. `|
              )_ `.` /
             )_ `-.` |
            )_ `-.` ` :
             )_.- ` `  :
              )_.-` `   :
               )_.-`\ /\ :
                )_.-| \O  :
                    |  \   :
          _        /   /    \        _
         ) `-._   / /O\  /O\ \   _.-` (
        )      `-/  `-'  `-'  \-`      (
        )     _.-|    __      |-._     (
         )_.-`   \ .-'  `-._  /   `-._(
                  \ `-.__.--`/
                   `-._  _.-"
                       ``
[0mok

[2022-06-14 14:46:50] : 
[38;5;10m
   ___              __       ___                       
 /'___\ __         /\ \     /\_ \                               
/\ \__//\_\    ____\ \ \___ \//\ \     ___      __     
\ \ ,__\/\ \  /',__\ \  _ `\ \ \ \   / __`\  /'_ `\   
 \ \ \_/\ \ \/\__, `\ \ \ \ \ \_\ \_/\ \L\ \/\ \L\ \  
  \ \_\  \ \_\/\____/ \ \_\ \_\/\____\ \____/\ \____ \ 
   \/_/   \/_/\/___/   \/_/\/_/\/____/\/___/  \/___L\ :
                                                /\____/
                                                \_/__/ v. 2.0 by @Skipper_
        [0m[1;36m
                 _
                 )_ `.
                )_ `. :
               )_ `. `|
              )_ `.` /
             )_ `-.` |
            )_ `-.` ` :
             )_.- ` `  :
              )_.-` `   :
               )_.-`\ /\ :
                )_.-| \O  :
                    |  \   :
          _        /   /    \        _
         ) `-._   / /O\  /O\ \   _.-` (
        )      `-/  `-'  `-'  \-`      (
        )     _.-|    __      |-._     (
         )_.-`   \ .-'  `-._  /   `-._(
                  \ `-.__.--`/
                   `-._  _.-"
                       ``
[0m[95m
[INFO] Logger initialized.
[0mok

[2022-06-14 14:47:17] : 
[38;5;10m
   ___              __       ___                       
 /'___\ __         /\ \     /\_ \                               
/\ \__//\_\    ____\ \ \___ \//\ \     ___      __     
\ \ ,__\/\ \  /',__\ \  _ `\ \ \ \   / __`\  /'_ `\   
 \ \ \_/\ \ \/\__, `\ \ \ \ \ \_\ \_/\ \L\ \/\ \L\ \  
  \ \_\  \ \_\/\____/ \ \_\ \_\/\____\ \____/\ \____ \ 
   \/_/   \/_/\/___/   \/_/\/_/\/____/\/___/  \/___L\ :
                                                /\____/
                                                \_/__/ v. 2.0 by @Skipper_
        [0m[1;36m
                 _
                 )_ `.
                )_ `. :
               )_ `. `|
              )_ `.` /
             )_ `-.` |
            )_ `-.` ` :
             )_.- ` `  :
              )_.-` `   :
               )_.-`\ /\ :
                )_.-| \O  :
                    |  \   :
          _        /   /    \        _
         ) `-._   / /O\  /O\ \   _.-` (
        )      `-/  `-'  `-'  \-`      (
        )     _.-|    __      |-._     (
         )_.-`   \ .-'  `-._  /   `-._(
                  \ `-.__.--`/
                   `-._  _.-"
                       ``
[0m[95m
[INFO] Logger initialized.
[0mok

[2022-06-14 14:47:32] : 
[38;5;10m
   ___              __       ___                       
 /'___\ __         /\ \     /\_ \                               
/\ \__//\_\    ____\ \ \___ \//\ \     ___      __     
\ \ ,__\/\ \  /',__\ \  _ `\ \ \ \   / __`\  /'_ `\   
 \ \ \_/\ \ \/\__, `\ \ \ \ \ \_\ \_/\ \L\ \/\ \L\ \  
  \ \_\  \ \_\/\____/ \ \_\ \_\/\____\ \____/\ \____ \ 
   \/_/   \/_/\/___/   \/_/\/_/\/____/\/___/  \/___L\ :
                                                /\____/
                                                \_/__/ v. 2.0 by @Skipper_
        [0m[1;36m
                 _
                 )_ `.
                )_ `. :
               )_ `. `|
              )_ `.` /
             )_ `-.` |
            )_ `-.` ` :
             )_.- ` `  :
              )_.-` `   :
               )_.-`\ /\ :
                )_.-| \O  :
                    |  \   :
          _        /   /    \        _
         ) `-._   / /O\  /O\ \   _.-` (
        )      `-/  `-'  `-'  \-`      (
        )     _.-|    __      |-._     (
         )_.-`   \ .-'  `-._  /   `-._(
                  \ `-.__.--`/
                   `-._  _.-"
                       ``
[0m[95m
[INFO] Logger initialized.
[0mok

[2022-06-14 14:47:56] : 
[38;5;10m
   ___              __       ___                       
 /'___\ __         /\ \     /\_ \                               
/\ \__//\_\    ____\ \ \___ \//\ \     ___      __     
\ \ ,__\/\ \  /',__\ \  _ `\ \ \ \   / __`\  /'_ `\   
 \ \ \_/\ \ \/\__, `\ \ \ \ \ \_\ \_/\ \L\ \/\ \L\ \  
  \ \_\  \ \_\/\____/ \ \_\ \_\/\____\ \____/\ \____ \ 
   \/_/   \/_/\/___/   \/_/\/_/\/____/\/___/  \/___L\ :
                                                /\____/
                                                \_/__/ v. 2.0 by @Skipper_
        [0m[1;36m
                 _
                 )_ `.
                )_ `. :
               )_ `. `|
              )_ `.` /
             )_ `-.` |
            )_ `-.` ` :
             )_.- ` `  :
              )_.-` `   :
               )_.-`\ /\ :
                )_.-| \O  :
                    |  \   :
          _        /   /    \        _
         ) `-._   / /O\  /O\ \   _.-` (
        )      `-/  `-'  `-'  \-`      (
        )     _.-|    __      |-._     (
         )_.-`   \ .-'  `-._  /   `-._(
                  \ `-.__.--`/
                   `-._  _.-"
                       ``
[0m[95m
[INFO] Logger initialized.
[0mok

[2022-06-14 14:52:01] : 
[38;5;10m
   ___              __       ___                       
 /'___\ __         /\ \     /\_ \                               
/\ \__//\_\    ____\ \ \___ \//\ \     ___      __     
\ \ ,__\/\ \  /',__\ \  _ `\ \ \ \   / __`\  /'_ `\   
 \ \ \_/\ \ \/\__, `\ \ \ \ \ \_\ \_/\ \L\ \/\ \L\ \  
  \ \_\  \ \_\/\____/ \ \_\ \_\/\____\ \____/\ \____ \ 
   \/_/   \/_/\/___/   \/_/\/_/\/____/\/___/  \/___L\ :
                                                /\____/
                                                \_/__/ v. 2.0 by @Skipper_
        [0m[1;36m
                 _
                 )_ `.
                )_ `. :
               )_ `. `|
              )_ `.` /
             )_ `-.` |
            )_ `-.` ` :
             )_.- ` `  :
              )_.-` `   :
               )_.-`\ /\ :
                )_.-| \O  :
                    |  \   :
          _        /   /    \        _
         ) `-._   / /O\  /O\ \   _.-` (
        )      `-/  `-'  `-'  \-`      (
        )     _.-|    __      |-._     (
         )_.-`   \ .-'  `-._  /   `-._(
                  \ `-.__.--`/
                   `-._  _.-"
                       ``
[0m[95m
[INFO] Fishlog initialized.
[0mok

[2022-06-14 14:53:56] : 
[38;5;10m
        
   ___              __       ___                       
 /'___\ __         /\ \     /\_ \                               
/\ \__//\_\    ____\ \ \___ \//\ \     ___      __     
\ \ ,__\/\ \  /',__\ \  _ `\ \ \ \   / __`\  /'_ `\   
 \ \ \_/\ \ \/\__, `\ \ \ \ \ \_\ \_/\ \L\ \/\ \L\ \  
  \ \_\  \ \_\/\____/ \ \_\ \_\/\____\ \____/\ \____ \ 
   \/_/   \/_/\/___/   \/_/\/_/\/____/\/___/  \/___L\ :
                                                /\____/
                                                \_/__/ v. 2.0 by @Skipper_
        [0m[1;36m
                 _
                 )_ `.
                )_ `. :
               )_ `. `|
              )_ `.` /
             )_ `-.` |
            )_ `-.` ` :
             )_.- ` `  :
              )_.-` `   :
               )_.-`\ /\ :
                )_.-| \O  :
                    |  \   :
          _        /   /    \        _
         ) `-._   / /O\  /O\ \   _.-` (
        )      `-/  `-'  `-'  \-`      (
        )     _.-|    __      |-._     (
         )_.-`   \ .-'  `-._  /   `-._(
                  \ `-.__.--`/
                   `-._  _.-"
                       ``
[0m[95m
[INFO] Fishlog initialized.


[0mok

[2022-06-14 14:56:51] : 
[38;5;10m
        
   ___              __       ___                       
 /'___\ __         /\ \     /\_ \                               
/\ \__//\_\    ____\ \ \___ \//\ \     ___      __     
\ \ ,__\/\ \  /',__\ \  _ `\ \ \ \   / __`\  /'_ `\   
 \ \ \_/\ \ \/\__, `\ \ \ \ \ \_\ \_/\ \L\ \/\ \L\ \  
  \ \_\  \ \_\/\____/ \ \_\ \_\/\____\ \____/\ \____ \ 
   \/_/   \/_/\/___/   \/_/\/_/\/____/\/___/  \/___L\ :
                                                /\____/
                                                \_/__/ v. 2.0 by @Skipper_
        [0m[1;36m
                 _
                 )_ `.
                )_ `. :
               )_ `. `|
              )_ `.` /
             )_ `-.` |
            )_ `-.` ` :
             )_.- ` `  :
              )_.-` `   :
               )_.-`\ /\ :
                )_.-| \O  :
                    |  \   :
          _        /   /    \        _
         ) `-._   / /O\  /O\ \   _.-` (
        )      `-/  `-'  `-'  \-`      (
        )     _.-|    __      |-._     (
         )_.-`   \ .-'  `-._  /   `-._(
                  \ `-.__.--`/
                   `-._  _.-"
                       ``
[0m[95m
[INFO] Fishlog initialized.
[0m[1;33m
[INFO] Starting main event...
[0m[94m
[INFO]  Main event started.
[0mok

[2022-06-14 14:57:29] : 
[38;5;10m
        
   ___              __       ___                       
 /'___\ __         /\ \     /\_ \                               
/\ \__//\_\    ____\ \ \___ \//\ \     ___      __     
\ \ ,__\/\ \  /',__\ \  _ `\ \ \ \   / __`\  /'_ `\   
 \ \ \_/\ \ \/\__, `\ \ \ \ \ \_\ \_/\ \L\ \/\ \L\ \  
  \ \_\  \ \_\/\____/ \ \_\ \_\/\____\ \____/\ \____ \ 
   \/_/   \/_/\/___/   \/_/\/_/\/____/\/___/  \/___L\ :
                                                /\____/
                                                \_/__/ v. 2.0 by @Skipper_
        [0m[1;36m
                 _
                 )_ `.
                )_ `. :
               )_ `. `|
              )_ `.` /
             )_ `-.` |
            )_ `-.` ` :
             )_.- ` `  :
              )_.-` `   :
               )_.-`\ /\ :
                )_.-| \O  :
                    |  \   :
          _        /   /    \        _
         ) `-._   / /O\  /O\ \   _.-` (
        )      `-/  `-'  `-'  \-`      (
        )     _.-|    __      |-._     (
         )_.-`   \ .-'  `-._  /   `-._(
                  \ `-.__.--`/
                   `-._  _.-"
                       ``
[0m[95m
[INFO] Fishlog initialized.
[0m[1;33m
[INFO] Starting main event...
[0m[94m
[INFO]  Main event started.
[0mok

[2022-06-14 14:57:51] : 
[38;5;10m
        
   ___              __       ___                       
 /'___\ __         /\ \     /\_ \                               
/\ \__//\_\    ____\ \ \___ \//\ \     ___      __     
\ \ ,__\/\ \  /',__\ \  _ `\ \ \ \   / __`\  /'_ `\   
 \ \ \_/\ \ \/\__, `\ \ \ \ \ \_\ \_/\ \L\ \/\ \L\ \  
  \ \_\  \ \_\/\____/ \ \_\ \_\/\____\ \____/\ \____ \ 
   \/_/   \/_/\/___/   \/_/\/_/\/____/\/___/  \/___L\ :
                                                /\____/
                                                \_/__/ v. 2.0 by @Skipper_
        [0m[1;36m
                 _
                 )_ `.
                )_ `. :
               )_ `. `|
              )_ `.` /
             )_ `-.` |
            )_ `-.` ` :
             )_.- ` `  :
              )_.-` `   :
               )_.-`\ /\ :
                )_.-| \O  :
                    |  \   :
          _        /   /    \        _
         ) `-._   / /O\  /O\ \   _.-` (
        )      `-/  `-'  `-'  \-`      (
        )     _.-|    __      |-._     (
         )_.-`   \ .-'  `-._  /   `-._(
                  \ `-.__.--`/
                   `-._  _.-"
                       ``
[0m[95m
[INFO] Fishlog initialized.
[0m[93m
[INFO] Starting main event...
[0m[94m
[INFO]  Main event started.
[0mok

[2022-06-14 14:58:02] : 
[38;5;10m
        
   ___              __       ___                       
 /'___\ __         /\ \     /\_ \                               
/\ \__//\_\    ____\ \ \___ \//\ \     ___      __     
\ \ ,__\/\ \  /',__\ \  _ `\ \ \ \   / __`\  /'_ `\   
 \ \ \_/\ \ \/\__, `\ \ \ \ \ \_\ \_/\ \L\ \/\ \L\ \  
  \ \_\  \ \_\/\____/ \ \_\ \_\/\____\ \____/\ \____ \ 
   \/_/   \/_/\/___/   \/_/\/_/\/____/\/___/  \/___L\ :
                                                /\____/
                                                \_/__/ v. 2.0 by @Skipper_
        [0m[1;36m
                 _
                 )_ `.
                )_ `. :
               )_ `. `|
              )_ `.` /
             )_ `-.` |
            )_ `-.` ` :
             )_.- ` `  :
              )_.-` `   :
               )_.-`\ /\ :
                )_.-| \O  :
                    |  \   :
          _        /   /    \        _
         ) `-._   / /O\  /O\ \   _.-` (
        )      `-/  `-'  `-'  \-`      (
        )     _.-|    __      |-._     (
         )_.-`   \ .-'  `-._  /   `-._(
                  \ `-.__.--`/
                   `-._  _.-"
                       ``
[0m[95m
[INFO] Fishlog initialized.
[0m[93m
[INFO] Starting main event...
[0m[94m
[INFO]  Main event started.
[0mok

[2022-06-14 15:02:01] : 
[38;5;10m
        
   ___              __       ___                       
 /'___\ __         /\ \     /\_ \                               
/\ \__//\_\    ____\ \ \___ \//\ \     ___      __     
\ \ ,__\/\ \  /',__\ \  _ `\ \ \ \   / __`\  /'_ `\   
 \ \ \_/\ \ \/\__, `\ \ \ \ \ \_\ \_/\ \L\ \/\ \L\ \  
  \ \_\  \ \_\/\____/ \ \_\ \_\/\____\ \____/\ \____ \ 
   \/_/   \/_/\/___/   \/_/\/_/\/____/\/___/  \/___L\ :
                                                /\____/
                                                \_/__/ v. 2.0 by @Skipper_
        [0m[1;36m
                 _
                 )_ `.
                )_ `. :
               )_ `. `|
              )_ `.` /
             )_ `-.` |
            )_ `-.` ` :
             )_.- ` `  :
              )_.-` `   :
               )_.-`\ /\ :
                )_.-| \O  :
                    |  \   :
          _        /   /    \        _
         ) `-._   / /O\  /O\ \   _.-` (
        )      `-/  `-'  `-'  \-`      (
        )     _.-|    __      |-._     (
         )_.-`   \ .-'  `-._  /   `-._(
                  \ `-.__.--`/
                   `-._  _.-"
                       ``
[0m[95m
[INFO] Fishlog initialized.
[0m[93m
[INFO] Starting main event...
[0m[94m
[INFO]  Main event started.
[0mok

[2022-06-14 15:02:37] : 
[38;5;10m
        
   ___              __       ___                       
 /'___\ __         /\ \     /\_ \                               
/\ \__//\_\    ____\ \ \___ \//\ \     ___      __     
\ \ ,__\/\ \  /',__\ \  _ `\ \ \ \   / __`\  /'_ `\   
 \ \ \_/\ \ \/\__, `\ \ \ \ \ \_\ \_/\ \L\ \/\ \L\ \  
  \ \_\  \ \_\/\____/ \ \_\ \_\/\____\ \____/\ \____ \ 
   \/_/   \/_/\/___/   \/_/\/_/\/____/\/___/  \/___L\ :
                                                /\____/
                                                \_/__/ v. 2.0 by @Skipper_
        [0m[1;36m
                 _
                 )_ `.
                )_ `. :
               )_ `. `|
              )_ `.` /
             )_ `-.` |
            )_ `-.` ` :
             )_.- ` `  :
              )_.-` `   :
               )_.-`\ /\ :
                )_.-| \O  :
                    |  \   :
          _        /   /    \        _
         ) `-._   / /O\  /O\ \   _.-` (
        )      `-/  `-'  `-'  \-`      (
        )     _.-|    __      |-._     (
         )_.-`   \ .-'  `-._  /   `-._(
                  \ `-.__.--`/
                   `-._  _.-"
                       ``
[0m[95m
[INFO] Fishlog initialized.
[0m[93m
[INFO] Starting main event...
[0m[94m
[INFO]  Main event started.


[0mok
