
2022-06-14 10:53:34.790084Hello World
2022-06-14 10:53:34.790115

2022-06-14 10:54:31 Hello World
2022-06-14 10:54:31

2022-06-14 10:54:50 Hello World
2022-06-14 10:54:50 

2022-06-14 10:55:02: Hello World
2022-06-14 10:55:02: 

2022-06-14 10:55:29: 
Initializing 
      ___                       ___           ___              
     /\__\          ___        /\  \         /\  \             
    /:/  /         /\  \      /::\  \       /::\  \            
   /:/__/          \:\  \    /:/\:\  \     /:/\:\  \           
  /::\__\____      /::\__\  /::\~\:\  \   /::\~\:\  \          
 /:/\:::::\__\  __/:/\/__/ /:/\:\ \:\__\ /:/\:\ \:\__\         
 \/_|:|~~|~    /\/:/  /    \/_|::\/:/  / \/__\:\/:/  /         
    |:|  |     \::/__/        |:|::/  /       \::/  /          
    |:|  |      \:\__\        |:|\/__/        /:/  /           
    |:|  |       \/__/        |:|  |         /:/  /            
     \|__|                     \|__|         \/__/             


2022-06-14 10:55:29: 

2022-06-14 11:00:50: 
Initializing
      ___                       ___           ___              
     /\__\          ___        /\  \         /\  \             
    /:/  /         /\  \      /::\  \       /::\  \            
   /:/__/          \:\  \    /:/\:\  \     /:/\:\  \           
  /::\__\____      /::\__\  /::\~\:\  \   /::\~\:\  \          
 /:/\:::::\__\  __/:/\/__/ /:/\:\ \:\__\ /:/\:\ \:\__\         
 \/_|:|~~|~    /\/:/  /    \/_|::\/:/  / \/__\:\/:/  /         
    |:|  |     \::/__/        |:|::/  /       \::/  /          
    |:|  |      \:\__\        |:|\/__/        /:/  /           
    |:|  |       \/__/        |:|  |         /:/  /            
     \|__|                     \|__|         \/__/             


2022-06-14 11:00:50: 

2022-06-14 11:00:50: 
   ___              __       ___                       
 /'___\ __         /\ \     /\_ \                      
/\ \__//\_\    ____\ \ \___ \//\ \     ___      __     
\ \ ,__\/\ \  /',__\ \  _ `\ \ \ \   / __`\  /'_ `\   
 \ \ \_/\ \ \/\__, `\ \ \ \ \ \_\ \_/\ \L\ \/\ \L\ \  
  \ \_\  \ \_\/\____/ \ \_\ \_\/\____\ \____/\ \____ \ 
   \/_/   \/_/\/___/   \/_/\/_/\/____/\/___/  \/___L\                                                 /\____/
                                                \_/__/ 




2022-06-14 11:00:50: 

2022-06-14 11:02:23: 
Initializing
      ___                       ___           ___              
     /\__\          ___        /\  \         /\  \             
    /:/  /         /\  \      /::\  \       /::\  \            
   /:/__/          \:\  \    /:/\:\  \     /:/\:\  \           
  /::\__\____      /::\__\  /::\~\:\  \   /::\~\:\  \          
 /:/\:::::\__\  __/:/\/__/ /:/\:\ \:\__\ /:/\:\ \:\__\         
 \/_|:|~~|~    /\/:/  /    \/_|::\/:/  / \/__\:\/:/  /         
    |:|  |     \::/__/        |:|::/  /       \::/  /          
    |:|  |      \:\__\        |:|\/__/        /:/  /           
    |:|  |       \/__/        |:|  |         /:/  /            
     \|__|                     \|__|         \/__/             


2022-06-14 11:02:23: 

2022-06-14 11:02:23: 
   ___          _      _                 
 /'___)_       ( )    (_ )               
| (__ (_)  ___ | |__   | |    _      __  
| ,__)| |/',__)|  _ `\ | |  /'_`\  /'_ `| |   | |\__, \| | | | | | ( (_) )( (_) |
(_)   (_)(____/(_) (_)(___)`\___/'`\__  |
                                  ( )_) |
                                   \___/'




2022-06-14 11:02:23: 

2022-06-14 11:03:11: 
Initializing
      ___                       ___           ___              
     /\__\          ___        /\  \         /\  \             
    /:/  /         /\  \      /::\  \       /::\  \            
   /:/__/          \:\  \    /:/\:\  \     /:/\:\  \           
  /::\__\____      /::\__\  /::\~\:\  \   /::\~\:\  \          
 /:/\:::::\__\  __/:/\/__/ /:/\:\ \:\__\ /:/\:\ \:\__\         
 \/_|:|~~|~    /\/:/  /    \/_|::\/:/  / \/__\:\/:/  /         
    |:|  |     \::/__/        |:|::/  /       \::/  /          
    |:|  |      \:\__\        |:|\/__/        /:/  /           
    |:|  |       \/__/        |:|  |         /:/  /            
     \|__|                     \|__|         \/__/             


2022-06-14 11:03:11: 

2022-06-14 11:03:11: 
________/\\\_____________________/\\__________/\\\_______________________________        
 ______/\\///_____________________\/\\_________\////\\_______________________________       
  _____/\\_______/\\______________\/\\____________\/\\____________________/\\\\__      
   __/\\\\\___\///___/\\\\\_\/\\____________\/\\________/\\\_____/\\////\\_     
    _\////\\//_____/\\_\/\\//////__\/\\\\\_____\/\\______/\\///\\__\//\\\\\_    
     ____\/\\______\/\\_\/\\\\\_\/\\/////\\____\/\\_____/\\__\//\\__\///////\\_   
      ____\/\\______\/\\_\////////\\_\/\\___\/\\____\/\\____\//\\__/\\___/\_____\\_  
       ____\/\\______\/\\__/\\\\\_\/\\___\/\\__/\\\\\__\///\\\/___\//\\\\__ 
        ____\///_______\///__\//////////__\///____\///__\/////////_____\/////______\////////___



2022-06-14 11:03:11: 

2022-06-14 11:03:37: 
Initializing
      ___                       ___           ___              
     /\__\          ___        /\  \         /\  \             
    /:/  /         /\  \      /::\  \       /::\  \            
   /:/__/          \:\  \    /:/\:\  \     /:/\:\  \           
  /::\__\____      /::\__\  /::\~\:\  \   /::\~\:\  \          
 /:/\:::::\__\  __/:/\/__/ /:/\:\ \:\__\ /:/\:\ \:\__\         
 \/_|:|~~|~    /\/:/  /    \/_|::\/:/  / \/__\:\/:/  /         
    |:|  |     \::/__/        |:|::/  /       \::/  /          
    |:|  |      \:\__\        |:|\/__/        /:/  /           
    |:|  |       \/__/        |:|  |         /:/  /            
     \|__|                     \|__|         \/__/             


2022-06-14 11:03:37: 

2022-06-14 11:03:37: 
          _____                    _____                    _____                    _____                    _____           _______                   _____          
         /\    \                  /\    \                  /\    \                  /\    \                  /\    \         /::\    \                 /\    \         
        /::\    \                /::\    \                /::\    \                /::\____\                /::\____\       /::::\    \               /::\    \        
       /::::\    \               \:::\    \              /::::\    \              /:::/    /               /:::/    /      /::::::\    \             /::::\    \       
      /::::::\    \               \:::\    \            /::::::\    \            /:::/    /               /:::/    /      /::::::::\    \           /::::::\    \      
     /:::/\:::\    \               \:::\    \          /:::/\:::\    \          /:::/    /               /:::/    /      /:::/~~\:::\    \         /:::/\:::\    \     
    /:::/__\:::\    \               \:::\    \        /:::/__\:::\    \        /:::/____/               /:::/    /      /:::/    \:::\    \       /:::/  \:::\    \    
   /::::\   \:::\    \              /::::\    \       \:::\   \:::\    \      /::::\    \              /:::/    /      /:::/    / \:::\    \     /:::/    \:::\    \   
  /::::::\   \:::\    \    ____    /::::::\    \    ___\:::\   \:::\    \    /::::::\    \   _____    /:::/    /      /:::/____/   \:::\____\   /:::/    / \:::\    \  
 /:::/\:::\   \:::\    \  /\   \  /:::/\:::\    \  /\   \:::\   \:::\    \  /:::/\:::\    \ /\    \  /:::/    /      |:::|    |     |:::|    | /:::/    /   \:::\ ___\ 
/:::/  \:::\   \:::\____\/::\   \/:::/  \:::\____\/::\   \:::\   \:::\____\/:::/  \:::\    /::\____\/:::/____/       |:::|____|     |:::|    |/:::/____/  ___\:::|    |
\::/    \:::\   \::/    /\:::\  /:::/    \::/    /\:::\   \:::\   \::/    /\::/    \:::\  /:::/    /\:::\    \        \:::\    \   /:::/    / \:::\    \ /\  /:::|____|
 \/____/ \:::\   \/____/  \:::\/:::/    / \/____/  \:::\   \:::\   \/____/  \/____/ \:::\/:::/    /  \:::\    \        \:::\    \ /:::/    /   \:::\    /::\ \::/    / 
          \:::\    \       \::::::/    /            \:::\   \:::\    \               \::::::/    /    \:::\    \        \:::\    /:::/    /     \:::\   \:::\ \/____/  
           \:::\____\       \::::/____/              \:::\   \:::\____\               \::::/    /      \:::\    \        \:::\__/:::/    /       \:::\   \:::\____\    
            \::/    /        \:::\    \               \:::\  /:::/    /               /:::/    /        \:::\    \        \::::::::/    /         \:::\  /:::/    /    
             \/____/          \:::\    \               \:::\/:::/    /               /:::/    /          \:::\    \        \::::::/    /           \:::\/:::/    /     
                               \:::\    \               \::::::/    /               /:::/    /            \:::\    \        \::::/    /             \::::::/    /      
                                \:::\____\               \::::/    /               /:::/    /              \:::\____\        \::/____/               \::::/    /       
                                 \::/    /                \::/    /                \::/    /                \::/    /         ~~                      \::/____/        
                                  \/____/                  \/____/                  \/____/                  \/____/                                                   
                                                                                                                                                                       



2022-06-14 11:03:37: 

2022-06-14 11:04:16: 
Initializing
      ___                       ___           ___              
     /\__\          ___        /\  \         /\  \             
    /:/  /         /\  \      /::\  \       /::\  \            
   /:/__/          \:\  \    /:/\:\  \     /:/\:\  \           
  /::\__\____      /::\__\  /::\~\:\  \   /::\~\:\  \          
 /:/\:::::\__\  __/:/\/__/ /:/\:\ \:\__\ /:/\:\ \:\__\         
 \/_|:|~~|~    /\/:/  /    \/_|::\/:/  / \/__\:\/:/  /         
    |:|  |     \::/__/        |:|::/  /       \::/  /          
    |:|  |      \:\__\        |:|\/__/        /:/  /           
    |:|  |       \/__/        |:|  |         /:/  /            
     \|__|                     \|__|         \/__/             


2022-06-14 11:04:16: 

2022-06-14 11:04:16: 

      ___                       ___           ___           ___       ___           ___     
     /\  \          ___        /\  \         /\__\         /\__\     /\  \         /\  \    
    /::\  \        /\  \      /::\  \       /:/  /        /:/  /    /::\  \       /::\  \   
   /:/\:\  \       \:\  \    /:/\ \  \     /:/__/        /:/  /    /:/\:\  \     /:/\:\  \  
  /::\~\:\  \      /::\__\  _\:\~\ \  \   /::\  \ ___   /:/  /    /:/  \:\  \   /:/  \:\  \ 
 /:/\:\ \:\__\  __/:/\/__/ /\ \:\ \ \__\ /:/\:\  /\__\ /:/__/    /:/__/ \:\__\ /:/__/_\:\__ \/__\:\ \/__/ /\/:/  /    \:\ \:\ \/__/ \/__\:\/:/  / \:\  \    \:\  \ /:/  / \:\  /\ \/__/
      \:\__\   \::/__/      \:\ \:\__\        \::/  /   \:\  \    \:\  /:/  /   \:\ \:\__\  
       \/__/    \:\__\       \:\/:/  /        /:/  /     \:\  \    \:\/:/  /     \:\/:/  /  
                 \/__/        \::/  /        /:/  /       \:\__\    \::/  /       \::/  /   
                               \/__/         \/__/         \/__/     \/__/         \/__/    



2022-06-14 11:04:16: 

2022-06-14 11:04:50: 
    Initializing
        ___                       ___           ___              
        /\__\          ___        /\  \         /\  \             
        /:/  /         /\  \      /::\  \       /::\  \            
    /:/__/          \:\  \    /:/\:\  \     /:/\:\  \           
    /::\__\____      /::\__\  /::\~\:\  \   /::\~\:\  \          
    /:/\:::::\__\  __/:/\/__/ /:/\:\ \:\__\ /:/\:\ \:\__\         
    \/_|:|~~|~    /\/:/  /    \/_|::\/:/  / \/__\:\/:/  /         
        |:|  |     \::/__/        |:|::/  /       \::/  /          
        |:|  |      \:\__\        |:|\/__/        /:/  /           
        |:|  |       \/__/        |:|  |         /:/  /            
        \|__|                     \|__|         \/__/             

    
2022-06-14 11:04:50: 

2022-06-14 11:04:50: 

      ___                       ___           ___           ___       ___           ___     
     /\  \          ___        /\  \         /\__\         /\__\     /\  \         /\  \    
    /::\  \        /\  \      /::\  \       /:/  /        /:/  /    /::\  \       /::\  \   
   /:/\:\  \       \:\  \    /:/\ \  \     /:/__/        /:/  /    /:/\:\  \     /:/\:\  \  
  /::\~\:\  \      /::\__\  _\:\~\ \  \   /::\  \ ___   /:/  /    /:/  \:\  \   /:/  \:\  \ 
 /:/\:\ \:\__\  __/:/\/__/ /\ \:\ \ \__\ /:/\:\  /\__\ /:/__/    /:/__/ \:\__\ /:/__/_\:\__ \/__\:\ \/__/ /\/:/  /    \:\ \:\ \/__/ \/__\:\/:/  / \:\  \    \:\  \ /:/  / \:\  /\ \/__/
      \:\__\   \::/__/      \:\ \:\__\        \::/  /   \:\  \    \:\  /:/  /   \:\ \:\__\  
       \/__/    \:\__\       \:\/:/  /        /:/  /     \:\  \    \:\/:/  /     \:\/:/  /  
                 \/__/        \::/  /        /:/  /       \:\__\    \::/  /       \::/  /   
                               \/__/         \/__/         \/__/     \/__/         \/__/    



2022-06-14 11:04:50: 

2022-06-14 11:05:06: 

        ___                       ___           ___           ___       ___           ___     
        /\  \          ___        /\  \         /\__\         /\__\     /\  \         /\  \    
        /::\  \        /\  \      /::\  \       /:/  /        /:/  /    /::\  \       /::\  \   
    /:/\:\  \       \:\  \    /:/\ \  \     /:/__/        /:/  /    /:/\:\  \     /:/\:\  \  
    /::\~\:\  \      /::\__\  _\:\~\ \  \   /::\  \ ___   /:/  /    /:/  \:\  \   /:/  \:\  \ 
    /:/\:\ \:\__\  __/:/\/__/ /\ \:\ \ \__\ /:/\:\  /\__\ /:/__/    /:/__/ \:\__\ /:/__/_\:\__    \/__\:\ \/__/ /\/:/  /    \:\ \:\ \/__/ \/__\:\/:/  / \:\  \    \:\  \ /:/  / \:\  /\ \/__/
        \:\__\   \::/__/      \:\ \:\__\        \::/  /   \:\  \    \:\  /:/  /   \:\ \:\__\  
        \/__/    \:\__\       \:\/:/  /        /:/  /     \:\  \    \:\/:/  /     \:\/:/  /  
                    \/__/        \::/  /        /:/  /       \:\__\    \::/  /       \::/  /   
                                \/__/         \/__/         \/__/     \/__/         \/__/    


    
2022-06-14 11:05:06: 

2022-06-14 11:05:41: 

      ___                       ___           ___           ___       ___           ___     
     /\  \          ___        /\  \         /\__\         /\__\     /\  \         /\  \    
    /::\  \        /\  \      /::\  \       /:/  /        /:/  /    /::\  \       /::\  \   
   /:/\:\  \       \:\  \    /:/\ \  \     /:/__/        /:/  /    /:/\:\  \     /:/\:\  \  
  /::\~\:\  \      /::\__\  _\:\~\ \  \   /::\  \ ___   /:/  /    /:/  \:\  \   /:/  \:\  \ 
 /:/\:\ \:\__\  __/:/\/__/ /\ \:\ \ \__\ /:/\:\  /\__\ /:/__/    /:/__/ \:\__\ /:/__/_\:\__ \/__\:\ \/__/ /\/:/  /    \:\ \:\ \/__/ \/__\:\/:/  / \:\  \    \:\  \ /:/  / \:\  /\ \/__/
      \:\__\   \::/__/      \:\ \:\__\        \::/  /   \:\  \    \:\  /:/  /   \:\ \:\__\  
       \/__/    \:\__\       \:\/:/  /        /:/  /     \:\  \    \:\/:/  /     \:\/:/  /  
                 \/__/        \::/  /        /:/  /       \:\__\    \::/  /       \::/  /   
                               \/__/         \/__/         \/__/     \/__/         \/__/    



    
2022-06-14 11:05:41: 

2022-06-14 11:09:31: 

      ___                       ___           ___           ___       ___           ___     
     /\  \          ___        /\  \         /\__\         /\__\     /\  \         /\  \    
    /::\  \        /\  \      /::\  \       /:/  /        /:/  /    /::\  \       /::\  \   
   /:/\:\  \       \:\  \    /:/\ \  \     /:/__/        /:/  /    /:/\:\  \     /:/\:\  \  
  /::\~\:\  \      /::\__\  _\:\~\ \  \   /::\  \ ___   /:/  /    /:/  \:\  \   /:/  \:\  \ 
 /:/\:\ \:\__\  __/:/\/__/ /\ \:\ \ \__\ /:/\:\  /\__\ /:/__/    /:/__/ \:\__\ /:/__/_\:\__ \/__\:\ \/__/ /\/:/  /    \:\ \:\ \/__/ \/__\:\/:/  / \:\  \    \:\  \ /:/  / \:\  /\ \/__/
      \:\__\   \::/__/      \:\ \:\__\        \::/  /   \:\  \    \:\  /:/  /   \:\ \:\__\  
       \/__/    \:\__\       \:\/:/  /        /:/  /     \:\  \    \:\/:/  /     \:\/:/  /  
                 \/__/        \::/  /        /:/  /       \:\__\    \::/  /       \::/  /   
                               \/__/         \/__/         \/__/     \/__/         \/__/    



    
2022-06-14 11:09:31: 

2022-06-14 11:10:13: 
    
    
      ___                       ___           ___           ___       ___           ___     
     /\  \          ___        /\  \         /\__\         /\__\     /\  \         /\  \    
    /::\  \        /\  \      /::\  \       /:/  /        /:/  /    /::\  \       /::\  \   
   /:/\:\  \       \:\  \    /:/\ \  \     /:/__/        /:/  /    /:/\:\  \     /:/\:\  \  
  /::\~\:\  \      /::\__\  _\:\~\ \  \   /::\  \ ___   /:/  /    /:/  \:\  \   /:/  \:\  \ 
 /:/\:\ \:\__\  __/:/\/__/ /\ \:\ \ \__\ /:/\:\  /\__\ /:/__/    /:/__/ \:\__\ /:/__/_\:\__
 \/__\:\ \/__/ /\/:/  /    \:\ \:\ \/__/ \/__\:\/:/  / \:\  \    \:\  \ /:/  / \:\  /\ \/__/
      \:\__\   \::/__/      \:\ \:\__\        \::/  /   \:\  \    \:\  /:/  /   \:\ \:\__\  
       \/__/    \:\__\       \:\/:/  /        /:/  /     \:\  \    \:\/:/  /     \:\/:/  /  
                 \/__/        \::/  /        /:/  /       \:\__\    \::/  /       \::/  /   
                               \/__/         \/__/         \/__/     \/__/         \/__/    

    
    
    
    
2022-06-14 11:10:13: 

2022-06-14 11:10:19: 
    
    
      ___                       ___           ___           ___       ___           ___     
     /\  \          ___        /\  \         /\__\         /\__\     /\  \         /\  \    
    /::\  \        /\  \      /::\  \       /:/  /        /:/  /    /::\  \       /::\  \   
   /:/\:\  \       \:\  \    /:/\ \  \     /:/__/        /:/  /    /:/\:\  \     /:/\:\  \  
  /::\~\:\  \      /::\__\  _\:\~\ \  \   /::\  \ ___   /:/  /    /:/  \:\  \   /:/  \:\  \ 
 /:/\:\ \:\__\  __/:/\/__/ /\ \:\ \ \__\ /:/\:\  /\__\ /:/__/    /:/__/ \:\__\ /:/__/_\:\__ \/__\:\ \/__/ /\/:/  /    \:\ \:\ \/__/ \/__\:\/:/  / \:\  \    \:\  \ /:/  / \:\  /\ \/__/
      \:\__\   \::/__/      \:\ \:\__\        \::/  /   \:\  \    \:\  /:/  /   \:\ \:\__\  
       \/__/    \:\__\       \:\/:/  /        /:/  /     \:\  \    \:\/:/  /     \:\/:/  /  
                 \/__/        \::/  /        /:/  /       \:\__\    \::/  /       \::/  /   
                               \/__/         \/__/         \/__/     \/__/         \/__/    

    
    
    
    
2022-06-14 11:10:19: 

2022-06-14 11:10:29: 
    
    
      ___                       ___           ___           ___       ___           ___     
     /\  \          ___        /\  \         /\__\         /\__\     /\  \         /\  \    
    /::\  \        /\  \      /::\  \       /:/  /        /:/  /    /::\  \       /::\  \   
   /:/\:\  \       \:\  \    /:/\ \  \     /:/__/        /:/  /    /:/\:\  \     /:/\:\  \  
  /::\~\:\  \      /::\__\  _\:\~\ \  \   /::\  \ ___   /:/  /    /:/  \:\  \   /:/  \:\  \ 
 /:/\:\ \:\__\  __/:/\/__/ /\ \:\ \ \__\ /:/\:\  /\__\ /:/__/    /:/__/ \:\__\ /:/__/_\:\__: 
 \/__\:\ \/__/ /\/:/  /    \:\ \:\ \/__/ \/__\:\/:/  / \:\  \    \:\  \ /:/  / \:\  /\ \/__/
      \:\__\   \::/__/      \:\ \:\__\        \::/  /   \:\  \    \:\  /:/  /   \:\ \:\__\  
       \/__/    \:\__\       \:\/:/  /        /:/  /     \:\  \    \:\/:/  /     \:\/:/  /  
                 \/__/        \::/  /        /:/  /       \:\__\    \::/  /       \::/  /   
                               \/__/         \/__/         \/__/     \/__/         \/__/    

    
    
    
    
2022-06-14 11:10:29: 

2022-06-14 11:11:00: 
    
    
      ___                       ___           ___           ___       ___           ___     
     /\  \          ___        /\  \         /\__\         /\__\     /\  \         /\  \    
    /::\  \        /\  \      /::\  \       /:/  /        /:/  /    /::\  \       /::\  \   
   /:/\:\  \       \:\  \    /:/\ \  \     /:/__/        /:/  /    /:/\:\  \     /:/\:\  \  
  /::\~\:\  \      /::\__\  _\:\~\ \  \   /::\  \ ___   /:/  /    /:/  \:\  \   /:/  \:\  \ 
 /:/\:\ \:\__\  __/:/\/__/ /\ \:\ \ \__\ /:/\:\  /\__\ /:/__/    /:/__/ \:\__\ /:/__/_\:\__: 
 \/__\:\ \/__/ /\/:/  /    \:\ \:\ \/__/ \/__\:\/:/  / \:\  \    \:\  \ /:/  / \:\  /\ \/__/
      \:\__\   \::/__/      \:\ \:\__\        \::/  /   \:\  \    \:\  /:/  /   \:\ \:\__\  
       \/__/    \:\__\       \:\/:/  /        /:/  /     \:\  \    \:\/:/  /     \:\/:/  /  
                 \/__/        \::/  /        /:/  /       \:\__\    \::/  /       \::/  /   
                               \/__/         \/__/         \/__/     \/__/         \/__/    

    
    
    
    
2022-06-14 11:11:00: 

2022-06-14 11:11:00: 
   ___              __       ___                       
 /'___\ __         /\ \     /\_ \                      
/\ \__//\_\    ____\ \ \___ \//\ \     ___      __     
\ \ ,__\/\ \  /',__\ \  _ `\ \ \ \   / __`\  /'_ `\   
 \ \ \_/\ \ \/\__, `\ \ \ \ \ \_\ \_/\ \L\ \/\ \L\ \  
  \ \_\  \ \_\/\____/ \ \_\ \_\/\____\ \____/\ \____ \ 
   \/_/   \/_/\/___/   \/_/\/_/\/____/\/___/  \/___L\ :
                                                /\____/
                                                \_/__/ 




2022-06-14 11:11:00: 

[2022-06-14 11:13:55] : 

    
    
      ___                       ___           ___           ___       ___           ___     
     /\  \          ___        /\  \         /\__\         /\__\     /\  \         /\  \    
    /::\  \        /\  \      /::\  \       /:/  /        /:/  /    /::\  \       /::\  \   
   /:/\:\  \       \:\  \    /:/\ \  \     /:/__/        /:/  /    /:/\:\  \     /:/\:\  \  
  /::\~\:\  \      /::\__\  _\:\~\ \  \   /::\  \ ___   /:/  /    /:/  \:\  \   /:/  \:\  \ 
 /:/\:\ \:\__\  __/:/\/__/ /\ \:\ \ \__\ /:/\:\  /\__\ /:/__/    /:/__/ \:\__\ /:/__/_\:\__: 
 \/__\:\ \/__/ /\/:/  /    \:\ \:\ \/__/ \/__\:\/:/  / \:\  \    \:\  \ /:/  / \:\  /\ \/__/
      \:\__\   \::/__/      \:\ \:\__\        \::/  /   \:\  \    \:\  /:/  /   \:\ \:\__\  
       \/__/    \:\__\       \:\/:/  /        /:/  /     \:\  \    \:\/:/  /     \:\/:/  /  
                 \/__/        \::/  /        /:/  /       \:\__\    \::/  /       \::/  /   
                               \/__/         \/__/         \/__/     \/__/         \/__/    

    
    
    
    
[2022-06-14 11:13:55] : 


[2022-06-14 11:13:55] : 

   ___              __       ___                       
 /'___\ __         /\ \     /\_ \                      
/\ \__//\_\    ____\ \ \___ \//\ \     ___      __     
\ \ ,__\/\ \  /',__\ \  _ `\ \ \ \   / __`\  /'_ `\   
 \ \ \_/\ \ \/\__, `\ \ \ \ \ \_\ \_/\ \L\ \/\ \L\ \  
  \ \_\  \ \_\/\____/ \ \_\ \_\/\____\ \____/\ \____ \ 
   \/_/   \/_/\/___/   \/_/\/_/\/____/\/___/  \/___L\ :
                                                /\____/
                                                \_/__/ 




[2022-06-14 11:13:55] : 


    
    
      ___                       ___           ___           ___       ___           ___     
     /\  \          ___        /\  \         /\__\         /\__\     /\  \         /\  \    
    /::\  \        /\  \      /::\  \       /:/  /        /:/  /    /::\  \       /::\  \   
   /:/\:\  \       \:\  \    /:/\ \  \     /:/__/        /:/  /    /:/\:\  \     /:/\:\  \  
  /::\~\:\  \      /::\__\  _\:\~\ \  \   /::\  \ ___   /:/  /    /:/  \:\  \   /:/  \:\  \ 
 /:/\:\ \:\__\  __/:/\/__/ /\ \:\ \ \__\ /:/\:\  /\__\ /:/__/    /:/__/ \:\__\ /:/__/_\:\__: 
 \/__\:\ \/__/ /\/:/  /    \:\ \:\ \/__/ \/__\:\/:/  / \:\  \    \:\  \ /:/  / \:\  /\ \/__/
      \:\__\   \::/__/      \:\ \:\__\        \::/  /   \:\  \    \:\  /:/  /   \:\ \:\__\  
       \/__/    \:\__\       \:\/:/  /        /:/  /     \:\  \    \:\/:/  /     \:\/:/  /  
                 \/__/        \::/  /        /:/  /       \:\__\    \::/  /       \::/  /   
                               \/__/         \/__/         \/__/     \/__/         \/__/    

    
    
    
    

   ___              __       ___                       
 /'___\ __         /\ \     /\_ \                      
/\ \__//\_\    ____\ \ \___ \//\ \     ___      __     
\ \ ,__\/\ \  /',__\ \  _ `\ \ \ \   / __`\  /'_ `\   
 \ \ \_/\ \ \/\__, `\ \ \ \ \ \_\ \_/\ \L\ \/\ \L\ \  
  \ \_\  \ \_\/\____/ \ \_\ \_\/\____\ \____/\ \____ \ 
   \/_/   \/_/\/___/   \/_/\/_/\/____/\/___/  \/___L\ :
                                                /\____/
                                                \_/__/ 




---------------------


    
    
      ___                       ___           ___           ___       ___           ___     
     /\  \          ___        /\  \         /\__\         /\__\     /\  \         /\  \    
    /::\  \        /\  \      /::\  \       /:/  /        /:/  /    /::\  \       /::\  \   
   /:/\:\  \       \:\  \    /:/\ \  \     /:/__/        /:/  /    /:/\:\  \     /:/\:\  \  
  /::\~\:\  \      /::\__\  _\:\~\ \  \   /::\  \ ___   /:/  /    /:/  \:\  \   /:/  \:\  \ 
 /:/\:\ \:\__\  __/:/\/__/ /\ \:\ \ \__\ /:/\:\  /\__\ /:/__/    /:/__/ \:\__\ /:/__/_\:\__: 
 \/__\:\ \/__/ /\/:/  /    \:\ \:\ \/__/ \/__\:\/:/  / \:\  \    \:\  \ /:/  / \:\  /\ \/__/
      \:\__\   \::/__/      \:\ \:\__\        \::/  /   \:\  \    \:\  /:/  /   \:\ \:\__\  
       \/__/    \:\__\       \:\/:/  /        /:/  /     \:\  \    \:\/:/  /     \:\/:/  /  
                 \/__/        \::/  /        /:/  /       \:\__\    \::/  /       \::/  /   
                               \/__/         \/__/         \/__/     \/__/         \/__/    

    
    
    
    

   ___              __       ___                       
 /'___\ __         /\ \     /\_ \                      
/\ \__//\_\    ____\ \ \___ \//\ \     ___      __     
\ \ ,__\/\ \  /',__\ \  _ `\ \ \ \   / __`\  /'_ `\   
 \ \ \_/\ \ \/\__, `\ \ \ \ \ \_\ \_/\ \L\ \/\ \L\ \  
  \ \_\  \ \_\/\____/ \ \_\ \_\/\____\ \____/\ \____ \ 
   \/_/   \/_/\/___/   \/_/\/_/\/____/\/___/  \/___L\ :
                                                /\____/
                                                \_/__/ 





    
    
      ___                       ___           ___           ___       ___           ___     
     /\  \          ___        /\  \         /\__\         /\__\     /\  \         /\  \    
    /::\  \        /\  \      /::\  \       /:/  /        /:/  /    /::\  \       /::\  \   
   /:/\:\  \       \:\  \    /:/\ \  \     /:/__/        /:/  /    /:/\:\  \     /:/\:\  \  
  /::\~\:\  \      /::\__\  _\:\~\ \  \   /::\  \ ___   /:/  /    /:/  \:\  \   /:/  \:\  \ 
 /:/\:\ \:\__\  __/:/\/__/ /\ \:\ \ \__\ /:/\:\  /\__\ /:/__/    /:/__/ \:\__\ /:/__/_\:\__: 
 \/__\:\ \/__/ /\/:/  /    \:\ \:\ \/__/ \/__\:\/:/  / \:\  \    \:\  \ /:/  / \:\  /\ \/__/
      \:\__\   \::/__/      \:\ \:\__\        \::/  /   \:\  \    \:\  /:/  /   \:\ \:\__\  
       \/__/    \:\__\       \:\/:/  /        /:/  /     \:\  \    \:\/:/  /     \:\/:/  /  
                 \/__/        \::/  /        /:/  /       \:\__\    \::/  /       \::/  /   
                               \/__/         \/__/         \/__/     \/__/         \/__/    

    
    
    
    

   ___              __       ___                       
 /'___\ __         /\ \     /\_ \                      
/\ \__//\_\    ____\ \ \___ \//\ \     ___      __     
\ \ ,__\/\ \  /',__\ \  _ `\ \ \ \   / __`\  /'_ `\   
 \ \ \_/\ \ \/\__, `\ \ \ \ \ \_\ \_/\ \L\ \/\ \L\ \  
  \ \_\  \ \_\/\____/ \ \_\ \_\/\____\ \____/\ \____ \ 
   \/_/   \/_/\/___/   \/_/\/_/\/____/\/___/  \/___L\ :
                                                /\____/
                                                \_/__/ 




-----------------------------

    
    
      ___                       ___           ___           ___       ___           ___     
     /\  \          ___        /\  \         /\__\         /\__\     /\  \         /\  \    
    /::\  \        /\  \      /::\  \       /:/  /        /:/  /    /::\  \       /::\  \   
   /:/\:\  \       \:\  \    /:/\ \  \     /:/__/        /:/  /    /:/\:\  \     /:/\:\  \  
  /::\~\:\  \      /::\__\  _\:\~\ \  \   /::\  \ ___   /:/  /    /:/  \:\  \   /:/  \:\  \ 
 /:/\:\ \:\__\  __/:/\/__/ /\ \:\ \ \__\ /:/\:\  /\__\ /:/__/    /:/__/ \:\__\ /:/__/_\:\__: 
 \/__\:\ \/__/ /\/:/  /    \:\ \:\ \/__/ \/__\:\/:/  / \:\  \    \:\  \ /:/  / \:\  /\ \/__/
      \:\__\   \::/__/      \:\ \:\__\        \::/  /   \:\  \    \:\  /:/  /   \:\ \:\__\  
       \/__/    \:\__\       \:\/:/  /        /:/  /     \:\  \    \:\/:/  /     \:\/:/  /  
                 \/__/        \::/  /        /:/  /       \:\__\    \::/  /       \::/  /   
                               \/__/         \/__/         \/__/     \/__/         \/__/    

    
    
    
    

   ___              __       ___                       
 /'___\ __         /\ \     /\_ \                      
/\ \__//\_\    ____\ \ \___ \//\ \     ___      __     
\ \ ,__\/\ \  /',__\ \  _ `\ \ \ \   / __`\  /'_ `\   
 \ \ \_/\ \ \/\__, `\ \ \ \ \ \_\ \_/\ \L\ \/\ \L\ \  
  \ \_\  \ \_\/\____/ \ \_\ \_\/\____\ \____/\ \____ \ 
   \/_/   \/_/\/___/   \/_/\/_/\/____/\/___/  \/___L\ :
                                                /\____/
                                                \_/__/ 





[2022-06-14 11:20:18] : 

    
    
      ___                       ___           ___           ___       ___           ___     
     /\  \          ___        /\  \         /\__\         /\__\     /\  \         /\  \    
    /::\  \        /\  \      /::\  \       /:/  /        /:/  /    /::\  \       /::\  \   
   /:/\:\  \       \:\  \    /:/\ \  \     /:/__/        /:/  /    /:/\:\  \     /:/\:\  \  
  /::\~\:\  \      /::\__\  _\:\~\ \  \   /::\  \ ___   /:/  /    /:/  \:\  \   /:/  \:\  \ 
 /:/\:\ \:\__\  __/:/\/__/ /\ \:\ \ \__\ /:/\:\  /\__\ /:/__/    /:/__/ \:\__\ /:/__/_\:\__: 
 \/__\:\ \/__/ /\/:/  /    \:\ \:\ \/__/ \/__\:\/:/  / \:\  \    \:\  \ /:/  / \:\  /\ \/__/
      \:\__\   \::/__/      \:\ \:\__\        \::/  /   \:\  \    \:\  /:/  /   \:\ \:\__\  
       \/__/    \:\__\       \:\/:/  /        /:/  /     \:\  \    \:\/:/  /     \:\/:/  /  
                 \/__/        \::/  /        /:/  /       \:\__\    \::/  /       \::/  /   
                               \/__/         \/__/         \/__/     \/__/         \/__/    

    
    
    
    

   ___              __       ___                       
 /'___\ __         /\ \     /\_ \                      
/\ \__//\_\    ____\ \ \___ \//\ \     ___      __     
\ \ ,__\/\ \  /',__\ \  _ `\ \ \ \   / __`\  /'_ `\   
 \ \ \_/\ \ \/\__, `\ \ \ \ \ \_\ \_/\ \L\ \/\ \L\ \  
  \ \_\  \ \_\/\____/ \ \_\ \_\/\____\ \____/\ \____ \ 
   \/_/   \/_/\/___/   \/_/\/_/\/____/\/___/  \/___L\ :
                                                /\____/
                                                \_/__/ 




asdf


[2022-06-14 11:20:33] : 

    
    
      ___                       ___           ___           ___       ___           ___     
     /\  \          ___        /\  \         /\__\         /\__\     /\  \         /\  \    
    /::\  \        /\  \      /::\  \       /:/  /        /:/  /    /::\  \       /::\  \   
   /:/\:\  \       \:\  \    /:/\ \  \     /:/__/        /:/  /    /:/\:\  \     /:/\:\  \  
  /::\~\:\  \      /::\__\  _\:\~\ \  \   /::\  \ ___   /:/  /    /:/  \:\  \   /:/  \:\  \ 
 /:/\:\ \:\__\  __/:/\/__/ /\ \:\ \ \__\ /:/\:\  /\__\ /:/__/    /:/__/ \:\__\ /:/__/_\:\__: 
 \/__\:\ \/__/ /\/:/  /    \:\ \:\ \/__/ \/__\:\/:/  / \:\  \    \:\  \ /:/  / \:\  /\ \/__/
      \:\__\   \::/__/      \:\ \:\__\        \::/  /   \:\  \    \:\  /:/  /   \:\ \:\__\  
       \/__/    \:\__\       \:\/:/  /        /:/  /     \:\  \    \:\/:/  /     \:\/:/  /  
                 \/__/        \::/  /        /:/  /       \:\__\    \::/  /       \::/  /   
                               \/__/         \/__/         \/__/     \/__/         \/__/    

    
    
    
    

   ___              __       ___                       
 /'___\ __         /\ \     /\_ \                      
/\ \__//\_\    ____\ \ \___ \//\ \     ___      __     
\ \ ,__\/\ \  /',__\ \  _ `\ \ \ \   / __`\  /'_ `\   
 \ \ \_/\ \ \/\__, `\ \ \ \ \ \_\ \_/\ \L\ \/\ \L\ \  
  \ \_\  \ \_\/\____/ \ \_\ \_\/\____\ \____/\ \____ \ 
   \/_/   \/_/\/___/   \/_/\/_/\/____/\/___/  \/___L\ :
                                                /\____/
                                                \_/__/ 




[INFO] Logger initialized.

[2022-06-14 12:06:03] : 

    
    
      ___                       ___           ___           ___       ___           ___     
     /\  \          ___        /\  \         /\__\         /\__\     /\  \         /\  \    
    /::\  \        /\  \      /::\  \       /:/  /        /:/  /    /::\  \       /::\  \   
   /:/\:\  \       \:\  \    /:/\ \  \     /:/__/        /:/  /    /:/\:\  \     /:/\:\  \  
  /::\~\:\  \      /::\__\  _\:\~\ \  \   /::\  \ ___   /:/  /    /:/  \:\  \   /:/  \:\  \ 
 /:/\:\ \:\__\  __/:/\/__/ /\ \:\ \ \__\ /:/\:\  /\__\ /:/__/    /:/__/ \:\__\ /:/__/_\:\__: 
 \/__\:\ \/__/ /\/:/  /    \:\ \:\ \/__/ \/__\:\/:/  / \:\  \    \:\  \ /:/  / \:\  /\ \/__/
      \:\__\   \::/__/      \:\ \:\__\        \::/  /   \:\  \    \:\  /:/  /   \:\ \:\__\  
       \/__/    \:\__\       \:\/:/  /        /:/  /     \:\  \    \:\/:/  /     \:\/:/  /  
                 \/__/        \::/  /        /:/  /       \:\__\    \::/  /       \::/  /   
                               \/__/         \/__/         \/__/     \/__/         \/__/    

    
    
    
    

   ___              __       ___                       
 /'___\ __         /\ \     /\_ \                      
/\ \__//\_\    ____\ \ \___ \//\ \     ___      __     
\ \ ,__\/\ \  /',__\ \  _ `\ \ \ \   / __`\  /'_ `\   
 \ \ \_/\ \ \/\__, `\ \ \ \ \ \_\ \_/\ \L\ \/\ \L\ \  
  \ \_\  \ \_\/\____/ \ \_\ \_\/\____\ \____/\ \____ \ 
   \/_/   \/_/\/___/   \/_/\/_/\/____/\/___/  \/___L\ :
                                                /\____/
                                                \_/__/ 




[INFO] Logger initialized.

[2022-06-14 12:08:47] : 

 ____  ____  ___  _   _  __    _____  ___ 
( ___)(_  _)/ __)( )_( )(  )  (  _  )/ __)
 )__)  _)(_ \__ \ ) _ (  )(__  )(_)(( (_-.
(__)  (____)(___/(_) (_)(____)(_____)\___/

    

   ___              __       ___                       
 /'___\ __         /\ \     /\_ \                      
/\ \__//\_\    ____\ \ \___ \//\ \     ___      __     
\ \ ,__\/\ \  /',__\ \  _ `\ \ \ \   / __`\  /'_ `\   
 \ \ \_/\ \ \/\__, `\ \ \ \ \ \_\ \_/\ \L\ \/\ \L\ \  
  \ \_\  \ \_\/\____/ \ \_\ \_\/\____\ \____/\ \____ \ 
   \/_/   \/_/\/___/   \/_/\/_/\/____/\/___/  \/___L\ :
                                                /\____/
                                                \_/__/ 

    


[INFO] Logger initialized.

[2022-06-14 12:11:20] : 

 _______ _________ _______           _        _______  _______ 
(  ____ \__   __/(  ____ \|\     /|( \      (  ___  )(  ____ )
| (    \/   ) (   | (    \/| )   ( || (      | (   ) || (    \/
| (__       | |   | (_____ | (___) || |      | |   | || |      
|  __)      | |   (_____  )|  ___  || |      | |   | || | ____ 
| (         | |         ) || (   ) || |      | |   | || | \_  )
| )      ___) (___/\____) || )   ( || (____/\| (___) || (___) |
|/       \_______/\_______)|/     \|(_______/(_______)(_______)
                                                               

    

   ___              __       ___                       
 /'___\ __         /\ \     /\_ \                      
/\ \__//\_\    ____\ \ \___ \//\ \     ___      __     
\ \ ,__\/\ \  /',__\ \  _ `\ \ \ \   / __`\  /'_ `\   
 \ \ \_/\ \ \/\__, `\ \ \ \ \ \_\ \_/\ \L\ \/\ \L\ \  
  \ \_\  \ \_\/\____/ \ \_\ \_\/\____\ \____/\ \____ \ 
   \/_/   \/_/\/___/   \/_/\/_/\/____/\/___/  \/___L\ :
                                                /\____/
                                                \_/__/ 




[INFO] Logger initialized.

[2022-06-14 12:12:13] : 

 _______ _________ _______           _        _______  _______ 
(  ____ \__   __/(  ____ \|\     /|( \      (  ___  )(  ____ )
| (    \/   ) (   | (    \/| )   ( || (      | (   ) || (    \/
| (__       | |   | (_____ | (___) || |      | |   | || |      
|  __)      | |   (_____  )|  ___  || |      | |   | || | ____ 
| (         | |         ) || (   ) || |      | |   | || | \_  )
| )      ___) (___/\____) || )   ( || (____/\| (___) || (___) |
|/       \_______/\_______)|/     \|(_______/(_______)(_______) v. 1.0 by @Skipper_
                                                               

    

   ___              __       ___                       
 /'___\ __         /\ \     /\_ \                      
/\ \__//\_\    ____\ \ \___ \//\ \     ___      __     
\ \ ,__\/\ \  /',__\ \  _ `\ \ \ \   / __`\  /'_ `\   
 \ \ \_/\ \ \/\__, `\ \ \ \ \ \_\ \_/\ \L\ \/\ \L\ \  
  \ \_\  \ \_\/\____/ \ \_\ \_\/\____\ \____/\ \____ \ 
   \/_/   \/_/\/___/   \/_/\/_/\/____/\/___/  \/___L\ :
                                                /\____/
                                                \_/__/ 




[INFO] Logger initialized.

[2022-06-14 12:12:23] : 

 _______ _________ _______           _        _______  _______ 
(  ____ \__   __/(  ____ \|\     /|( \      (  ___  )(  ____ )
| (    \/   ) (   | (    \/| )   ( || (      | (   ) || (    \/
| (__       | |   | (_____ | (___) || |      | |   | || |      
|  __)      | |   (_____  )|  ___  || |      | |   | || | ____ 
| (         | |         ) || (   ) || |      | |   | || | \_  )
| )      ___) (___/\____) || )   ( || (____/\| (___) || (___) |
|/       \_______/\_______)|/     \|(_______/(_______)(_______) v. 1.0 by @Skipper_
                                                               

    

   ___              __       ___                       
 /'___\ __         /\ \     /\_ \                      
/\ \__//\_\    ____\ \ \___ \//\ \     ___      __     
\ \ ,__\/\ \  /',__\ \  _ `\ \ \ \   / __`\  /'_ `\   
 \ \ \_/\ \ \/\__, `\ \ \ \ \ \_\ \_/\ \L\ \/\ \L\ \  
  \ \_\  \ \_\/\____/ \ \_\ \_\/\____\ \____/\ \____ \ 
   \/_/   \/_/\/___/   \/_/\/_/\/____/\/___/  \/___L\ :
                                                /\____/
                                                \_/__/ v. 1.0 by @Skipper_




[INFO] Logger initialized.

[2022-06-14 12:13:27] : 

   ___              __       ___                       
 /'___\ __         /\ \     /\_ \                      
/\ \__//\_\    ____\ \ \___ \//\ \     ___      __     
\ \ ,__\/\ \  /',__\ \  _ `\ \ \ \   / __`\  /'_ `\   
 \ \ \_/\ \ \/\__, `\ \ \ \ \ \_\ \_/\ \L\ \/\ \L\ \  
  \ \_\  \ \_\/\____/ \ \_\ \_\/\____\ \____/\ \____ \ 
   \/_/   \/_/\/___/   \/_/\/_/\/____/\/___/  \/___L\ :
                                                /\____/
                                                \_/__/ v. 1.0 by @Skipper_




[36m[INFO] Initializing...[37m
[INFO] Trying to setup PCM...
[32m[INFO] PCM setup OK.[37m
[INFO] Trying to setup UR sensors...
[32m[INFO] Left UR sensor setup OK.[37m
[32m[INFO] Right UR sensor setup OK.[37m
[INFO] Trying to setup servo...
[32m[INFO] Servo setup OK.[37m
[35m[START] Setup complete, moving on to main loop.[37m
[INFO] Logger initialized.

[2022-06-14 12:14:08] : 

   ___              __       ___                       
 /'___\ __         /\ \     /\_ \                      
/\ \__//\_\    ____\ \ \___ \//\ \     ___      __     
\ \ ,__\/\ \  /',__\ \  _ `\ \ \ \   / __`\  /'_ `\   
 \ \ \_/\ \ \/\__, `\ \ \ \ \ \_\ \_/\ \L\ \/\ \L\ \  
  \ \_\  \ \_\/\____/ \ \_\ \_\/\____\ \____/\ \____ \ 
   \/_/   \/_/\/___/   \/_/\/_/\/____/\/___/  \/___L\ :
                                                /\____/
                                                \_/__/ v. 1.0 by @Skipper_




[36m[INFO] Initializing...[37m
[INFO] Trying to setup PCM...
[32m[INFO] PCM setup OK.[37m
[INFO] Trying to setup UR sensors...
[32m[INFO] Left UR sensor setup OK.[37m
[32m[INFO] Right UR sensor setup OK.[37m
[INFO] Trying to setup servo...
[32m[INFO] Servo setup OK.[37m
[INFO] Logger initialized.

[2022-06-14 12:15:16] : 

   ___              __       ___                       
 /'___\ __         /\ \     /\_ \                      
/\ \__//\_\    ____\ \ \___ \//\ \     ___      __     
\ \ ,__\/\ \  /',__\ \  _ `\ \ \ \   / __`\  /'_ `\   
 \ \ \_/\ \ \/\__, `\ \ \ \ \ \_\ \_/\ \L\ \/\ \L\ \  
  \ \_\  \ \_\/\____/ \ \_\ \_\/\____\ \____/\ \____ \ 
   \/_/   \/_/\/___/   \/_/\/_/\/____/\/___/  \/___L\ :
                                                /\____/
                                                \_/__/ v. 1.0 by @Skipper_




[36m[INFO] Initializing...[37m
[INFO] Trying to setup PCM...
[32m[INFO] PCM setup OK.[37m
[INFO] Trying to setup UR sensors...
[32m[INFO] Left UR sensor setup OK.[37m
[32m[INFO] Right UR sensor setup OK.[37m
[INFO] Trying to setup servo...
[32m[INFO] Servo setup OK.[37m
[INFO] Logger initialized.

[2022-06-14 12:16:51] : 

   ___              __       ___                       
 /'___\ __         /\ \     /\_ \                      
/\ \__//\_\    ____\ \ \___ \//\ \     ___      __     
\ \ ,__\/\ \  /',__\ \  _ `\ \ \ \   / __`\  /'_ `\   
 \ \ \_/\ \ \/\__, `\ \ \ \ \ \_\ \_/\ \L\ \/\ \L\ \  
  \ \_\  \ \_\/\____/ \ \_\ \_\/\____\ \____/\ \____ \ 
   \/_/   \/_/\/___/   \/_/\/_/\/____/\/___/  \/___L\ :
                                                /\____/
                                                \_/__/ v. 1.0 by @Skipper_




[36m[INFO] Initializing...[37m
[INFO] Trying to setup PCM...
[32m[INFO] PCM setup OK.[37m
[INFO] Trying to setup UR sensors...
[32m[INFO] Left UR sensor setup OK.[37m
[32m[INFO] Right UR sensor setup OK.[37m
[INFO] Trying to setup servo...
[32m[INFO] Servo setup OK.[37m
[INFO] Logger initialized.

[2022-06-14 12:17:44] : 

   ___              __       ___                       
 /'___\ __         /\ \     /\_ \                      
/\ \__//\_\    ____\ \ \___ \//\ \     ___      __     
\ \ ,__\/\ \  /',__\ \  _ `\ \ \ \   / __`\  /'_ `\   
 \ \ \_/\ \ \/\__, `\ \ \ \ \ \_\ \_/\ \L\ \/\ \L\ \  
  \ \_\  \ \_\/\____/ \ \_\ \_\/\____\ \____/\ \____ \ 
   \/_/   \/_/\/___/   \/_/\/_/\/____/\/___/  \/___L\ :
                                                /\____/
                                                \_/__/ v. 1.0 by @Skipper_




[36m[INFO] Initializing...[37m
[INFO] Trying to setup PCM...
[32m[INFO] PCM setup OK.[37m
[INFO] Trying to setup UR sensors...
[32m[INFO] Left UR sensor setup OK.[37m
[32m[INFO] Right UR sensor setup OK.[37m
[INFO] Trying to setup servo...
[32m[INFO] Servo setup OK.[37m
[INFO] Logger initialized.

[2022-06-14 12:18:47] : 
[INFO] Logger initialized.

[2022-06-14 12:19:01] : 
<_io.TextIOWrapper name='<stderr>' mode='w' encoding='utf-8'>
   ___              __       ___                       
 /'___\ __         /\ \     /\_ \                      
/\ \__//\_\    ____\ \ \___ \//\ \     ___      __     
\ \ ,__\/\ \  /',__\ \  _ `\ \ \ \   / __`\  /'_ `\   
 \ \ \_/\ \ \/\__, `\ \ \ \ \ \_\ \_/\ \L\ \/\ \L\ \  
  \ \_\  \ \_\/\____/ \ \_\ \_\/\____\ \____/\ \____ \ 
   \/_/   \/_/\/___/   \/_/\/_/\/____/\/___/  \/___L\ :
                                                /\____/
                                                \_/__/ v. 1.0 by @Skipper_




[36m[INFO] Initializing...[37m
[INFO] Trying to setup PCM...
[32m[INFO] PCM setup OK.[37m
[INFO] Trying to setup UR sensors...
[32m[INFO] Left UR sensor setup OK.[37m
[32m[INFO] Right UR sensor setup OK.[37m
[INFO] Trying to setup servo...
[32m[INFO] Servo setup OK.[37m
[INFO] Logger initialized.

[2022-06-14 12:20:42] : 
<_io.TextIOWrapper name='<stderr>' mode='w' encoding='utf-8'>
   ___              __       ___                       
 /'___\ __         /\ \     /\_ \                      
/\ \__//\_\    ____\ \ \___ \//\ \     ___      __     
\ \ ,__\/\ \  /',__\ \  _ `\ \ \ \   / __`\  /'_ `\   
 \ \ \_/\ \ \/\__, `\ \ \ \ \ \_\ \_/\ \L\ \/\ \L\ \  
  \ \_\  \ \_\/\____/ \ \_\ \_\/\____\ \____/\ \____ \ 
   \/_/   \/_/\/___/   \/_/\/_/\/____/\/___/  \/___L\ :
                                                /\____/
                                                \_/__/ v. 1.0 by @Skipper_




[36m[INFO] Initializing...[37m
[INFO] Trying to setup PCM...
[32m[INFO] PCM setup OK.[37m
[INFO] Trying to setup UR sensors...
[32m[INFO] Left UR sensor setup OK.[37m
[32m[INFO] Right UR sensor setup OK.[37m
[INFO] Trying to setup servo...
[32m[INFO] Servo setup OK.[37m
[INFO] Logger initialized.

[2022-06-14 12:21:15] : 
<_io.TextIOWrapper name='<stderr>' mode='w' encoding='utf-8'>[31m[ERROR] Exception detected, please have a look into the error log.[37m
   ___              __       ___                       
 /'___\ __         /\ \     /\_ \                      
/\ \__//\_\    ____\ \ \___ \//\ \     ___      __     
\ \ ,__\/\ \  /',__\ \  _ `\ \ \ \   / __`\  /'_ `\   
 \ \ \_/\ \ \/\__, `\ \ \ \ \ \_\ \_/\ \L\ \/\ \L\ \  
  \ \_\  \ \_\/\____/ \ \_\ \_\/\____\ \____/\ \____ \ 
   \/_/   \/_/\/___/   \/_/\/_/\/____/\/___/  \/___L\ :
                                                /\____/
                                                \_/__/ v. 1.0 by @Skipper_




[36m[INFO] Initializing...[37m
[INFO] Trying to setup PCM...
[32m[INFO] PCM setup OK.[37m
[INFO] Trying to setup UR sensors...
[32m[INFO] Left UR sensor setup OK.[37m
[32m[INFO] Right UR sensor setup OK.[37m
[INFO] Trying to setup servo...
[32m[INFO] Servo setup OK.[37m
[INFO] Logger initialized.

[2022-06-14 12:21:39] : 
[31m[ERROR] Exception detected, please have a look into the error log.[37m
   ___              __       ___                       
 /'___\ __         /\ \     /\_ \                      
/\ \__//\_\    ____\ \ \___ \//\ \     ___      __     
\ \ ,__\/\ \  /',__\ \  _ `\ \ \ \   / __`\  /'_ `\   
 \ \ \_/\ \ \/\__, `\ \ \ \ \ \_\ \_/\ \L\ \/\ \L\ \  
  \ \_\  \ \_\/\____/ \ \_\ \_\/\____\ \____/\ \____ \ 
   \/_/   \/_/\/___/   \/_/\/_/\/____/\/___/  \/___L\ :
                                                /\____/
                                                \_/__/ v. 1.0 by @Skipper_




[36m[INFO] Initializing...[37m
[INFO] Trying to setup PCM...
[32m[INFO] PCM setup OK.[37m
[INFO] Trying to setup UR sensors...
[32m[INFO] Left UR sensor setup OK.[37m
[32m[INFO] Right UR sensor setup OK.[37m
[INFO] Trying to setup servo...
[32m[INFO] Servo setup OK.[37m
[INFO] Logger initialized.

[2022-06-14 12:23:21] : 
[31m[ERROR] Exception detected, please have a look into the error log.[37m
   ___              __       ___                       
 /'___\ __         /\ \     /\_ \                      
/\ \__//\_\    ____\ \ \___ \//\ \     ___      __     
\ \ ,__\/\ \  /',__\ \  _ `\ \ \ \   / __`\  /'_ `\   
 \ \ \_/\ \ \/\__, `\ \ \ \ \ \_\ \_/\ \L\ \/\ \L\ \  
  \ \_\  \ \_\/\____/ \ \_\ \_\/\____\ \____/\ \____ \ 
   \/_/   \/_/\/___/   \/_/\/_/\/____/\/___/  \/___L\ :
                                                /\____/
                                                \_/__/ v. 1.0 by @Skipper_




[36m[INFO] Initializing...[37m
[INFO] Trying to setup PCM...
[32m[INFO] PCM setup OK.[37m
[INFO] Trying to setup UR sensors...
[32m[INFO] Left UR sensor setup OK.[37m
[32m[INFO] Right UR sensor setup OK.[37m
[INFO] Trying to setup servo...
[32m[INFO] Servo setup OK.[37m
[INFO] Logger initialized.

[2022-06-14 12:24:25] : 

   ___              __       ___                       
 /'___\ __         /\ \     /\_ \                      
/\ \__//\_\    ____\ \ \___ \//\ \     ___      __     
\ \ ,__\/\ \  /',__\ \  _ `\ \ \ \   / __`\  /'_ `\   
 \ \ \_/\ \ \/\__, `\ \ \ \ \ \_\ \_/\ \L\ \/\ \L\ \  
  \ \_\  \ \_\/\____/ \ \_\ \_\/\____\ \____/\ \____ \ 
   \/_/   \/_/\/___/   \/_/\/_/\/____/\/___/  \/___L\ :
                                                /\____/
                                                \_/__/ v. 1.0 by @Skipper_




[36m[INFO] Initializing...[37m
[INFO] Trying to setup PCM...
[32m[INFO] PCM setup OK.[37m
[INFO] Trying to setup UR sensors...
[32m[INFO] Left UR sensor setup OK.[37m
[32m[INFO] Right UR sensor setup OK.[37m
[INFO] Trying to setup servo...
[32m[INFO] Servo setup OK.[37m
[INFO] Logger initialized.

[2022-06-14 12:25:10] : 

   ___              __       ___                       
 /'___\ __         /\ \     /\_ \                      
/\ \__//\_\    ____\ \ \___ \//\ \     ___      __     
\ \ ,__\/\ \  /',__\ \  _ `\ \ \ \   / __`\  /'_ `\   
 \ \ \_/\ \ \/\__, `\ \ \ \ \ \_\ \_/\ \L\ \/\ \L\ \  
  \ \_\  \ \_\/\____/ \ \_\ \_\/\____\ \____/\ \____ \ 
   \/_/   \/_/\/___/   \/_/\/_/\/____/\/___/  \/___L\ :
                                                /\____/
                                                \_/__/ v. 1.0 by @Skipper_




[36m[INFO] Initializing...[37m
[INFO] Trying to setup PCM...
[32m[INFO] PCM setup OK.[37m
[INFO] Trying to setup UR sensors...
[32m[INFO] Left UR sensor setup OK.[37m
[32m[INFO] Right UR sensor setup OK.[37m
[INFO] Trying to setup servo...
[32m[INFO] Servo setup OK.[37m
[INFO] Logger initialized.

[2022-06-14 12:26:12] : 
[31m[ERROR] Exception detected, please have a look into the error log.[37m
   ___              __       ___                       
 /'___\ __         /\ \     /\_ \                      
/\ \__//\_\    ____\ \ \___ \//\ \     ___      __     
\ \ ,__\/\ \  /',__\ \  _ `\ \ \ \   / __`\  /'_ `\   
 \ \ \_/\ \ \/\__, `\ \ \ \ \ \_\ \_/\ \L\ \/\ \L\ \  
  \ \_\  \ \_\/\____/ \ \_\ \_\/\____\ \____/\ \____ \ 
   \/_/   \/_/\/___/   \/_/\/_/\/____/\/___/  \/___L\ :
                                                /\____/
                                                \_/__/ v. 1.0 by @Skipper_




[36m[INFO] Initializing...[37m
[INFO] Trying to setup PCM...
[32m[INFO] PCM setup OK.[37m
[INFO] Trying to setup UR sensors...
[32m[INFO] Left UR sensor setup OK.[37m
[32m[INFO] Right UR sensor setup OK.[37m
[INFO] Trying to setup servo...
[32m[INFO] Servo setup OK.[37m
[INFO] Logger initialized.

[2022-06-14 12:26:31] : 
[31m[ERROR] Exception detected, please have a look into the error log.[37m
   ___              __       ___                       
 /'___\ __         /\ \     /\_ \                      
/\ \__//\_\    ____\ \ \___ \//\ \     ___      __     
\ \ ,__\/\ \  /',__\ \  _ `\ \ \ \   / __`\  /'_ `\   
 \ \ \_/\ \ \/\__, `\ \ \ \ \ \_\ \_/\ \L\ \/\ \L\ \  
  \ \_\  \ \_\/\____/ \ \_\ \_\/\____\ \____/\ \____ \ 
   \/_/   \/_/\/___/   \/_/\/_/\/____/\/___/  \/___L\ :
                                                /\____/
                                                \_/__/ v. 1.0 by @Skipper_




[36m[INFO] Initializing...[37m
[INFO] Trying to setup PCM...
[32m[INFO] PCM setup OK.[37m
[INFO] Trying to setup UR sensors...
[32m[INFO] Left UR sensor setup OK.[37m
[32m[INFO] Right UR sensor setup OK.[37m
[INFO] Trying to setup servo...
[32m[INFO] Servo setup OK.[37m
[INFO] Logger initialized.

[2022-06-14 12:26:50] : 

   ___              __       ___                       
 /'___\ __         /\ \     /\_ \                      
/\ \__//\_\    ____\ \ \___ \//\ \     ___      __     
\ \ ,__\/\ \  /',__\ \  _ `\ \ \ \   / __`\  /'_ `\   
 \ \ \_/\ \ \/\__, `\ \ \ \ \ \_\ \_/\ \L\ \/\ \L\ \  
  \ \_\  \ \_\/\____/ \ \_\ \_\/\____\ \____/\ \____ \ 
   \/_/   \/_/\/___/   \/_/\/_/\/____/\/___/  \/___L\ :
                                                /\____/
                                                \_/__/ v. 1.0 by @Skipper_




[36m[INFO] Initializing...[37m
[INFO] Trying to setup PCM...
[32m[INFO] PCM setup OK.[37m
[INFO] Trying to setup UR sensors...
[32m[INFO] Left UR sensor setup OK.[37m
[32m[INFO] Right UR sensor setup OK.[37m
[INFO] Trying to setup servo...
[32m[INFO] Servo setup OK.[37m
[INFO] Logger initialized.

[2022-06-14 12:28:15] : 

   ___              __       ___                       
 /'___\ __         /\ \     /\_ \                      
/\ \__//\_\    ____\ \ \___ \//\ \     ___      __     
\ \ ,__\/\ \  /',__\ \  _ `\ \ \ \   / __`\  /'_ `\   
 \ \ \_/\ \ \/\__, `\ \ \ \ \ \_\ \_/\ \L\ \/\ \L\ \  
  \ \_\  \ \_\/\____/ \ \_\ \_\/\____\ \____/\ \____ \ 
   \/_/   \/_/\/___/   \/_/\/_/\/____/\/___/  \/___L\ :
                                                /\____/
                                                \_/__/ v. 1.0 by @Skipper_




[36m[INFO] Initializing...[37m
[INFO] Trying to setup PCM...
[32m[INFO] PCM setup OK.[37m
[INFO] Trying to setup UR sensors...
[32m[INFO] Left UR sensor setup OK.[37m
[32m[INFO] Right UR sensor setup OK.[37m
[INFO] Trying to setup servo...
[32m[INFO] Servo setup OK.[37m
[INFO] Logger initialized.

[2022-06-14 12:30:16] : 

   ___              __       ___                       
 /'___\ __         /\ \     /\_ \                      
/\ \__//\_\    ____\ \ \___ \//\ \     ___      __     
\ \ ,__\/\ \  /',__\ \  _ `\ \ \ \   / __`\  /'_ `\   
 \ \ \_/\ \ \/\__, `\ \ \ \ \ \_\ \_/\ \L\ \/\ \L\ \  
  \ \_\  \ \_\/\____/ \ \_\ \_\/\____\ \____/\ \____ \ 
   \/_/   \/_/\/___/   \/_/\/_/\/____/\/___/  \/___L\ :
                                                /\____/
                                                \_/__/ v. 1.0 by @Skipper_




[36m[INFO] Initializing...[37m
[INFO] Trying to setup PCM...
[32m[INFO] PCM setup OK.[37m
[INFO] Trying to setup UR sensors...
[32m[INFO] Left UR sensor setup OK.[37m
[32m[INFO] Right UR sensor setup OK.[37m
[INFO] Trying to setup servo...
[32m[INFO] Servo setup OK.[37m
[INFO] Logger initialized.

[2022-06-14 12:31:10] : 

   ___              __       ___                       
 /'___\ __         /\ \     /\_ \                      
/\ \__//\_\    ____\ \ \___ \//\ \     ___      __     
\ \ ,__\/\ \  /',__\ \  _ `\ \ \ \   / __`\  /'_ `\   
 \ \ \_/\ \ \/\__, `\ \ \ \ \ \_\ \_/\ \L\ \/\ \L\ \  
  \ \_\  \ \_\/\____/ \ \_\ \_\/\____\ \____/\ \____ \ 
   \/_/   \/_/\/___/   \/_/\/_/\/____/\/___/  \/___L\ :
                                                /\____/
                                                \_/__/ v. 1.0 by @Skipper_




[36m[INFO] Initializing...[37m
[INFO] Trying to setup PCM...
[32m[INFO] PCM setup OK.[37m
[INFO] Trying to setup UR sensors...
[32m[INFO] Left UR sensor setup OK.[37m
[32m[INFO] Right UR sensor setup OK.[37m
[INFO] Trying to setup servo...
[32m[INFO] Servo setup OK.[37m
[INFO] Logger initialized.

[2022-06-14 12:32:37] : 
[INFO] Logger initialized.

[2022-06-14 12:33:23] : 
[INFO] Logger initialized.

   ___              __       ___                       
 /'___\ __         /\ \     /\_ \                      
/\ \__//\_\    ____\ \ \___ \//\ \     ___      __     
\ \ ,__\/\ \  /',__\ \  _ `\ \ \ \   / __`\  /'_ `\   
 \ \ \_/\ \ \/\__, `\ \ \ \ \ \_\ \_/\ \L\ \/\ \L\ \  
  \ \_\  \ \_\/\____/ \ \_\ \_\/\____\ \____/\ \____ \ 
   \/_/   \/_/\/___/   \/_/\/_/\/____/\/___/  \/___L\ :
                                                /\____/
                                                \_/__/ v. 1.0 by @Skipper_




[36m[INFO] Initializing...[37m
[INFO] Trying to setup PCM...
[32m[INFO] PCM setup OK.[37m
[INFO] Trying to setup UR sensors...
[32m[INFO] Left UR sensor setup OK.[37m
[32m[INFO] Right UR sensor setup OK.[37m
[INFO] Trying to setup servo...
[32m[INFO] Servo setup OK.[37m
Traceback (most recent call last):
  File "fishlog.py", line 71, in <module>
    print(Fore.S + "[START] Setup complete, moving on to main loop." + Fore.WHITE)
AttributeError: 'AnsiFore' object has no attribute 'S'
[INFO] Logger initialized.

[2022-06-14 12:45:30] : 
[31m[ERROR] Exception detected, please have a look into the error log.[37m
   ___              __       ___                       
 /'___\ __         /\ \     /\_ \                      
/\ \__//\_\    ____\ \ \___ \//\ \     ___      __     
\ \ ,__\/\ \  /',__\ \  _ `\ \ \ \   / __`\  /'_ `\   
 \ \ \_/\ \ \/\__, `\ \ \ \ \ \_\ \_/\ \L\ \/\ \L\ \  
  \ \_\  \ \_\/\____/ \ \_\ \_\/\____\ \____/\ \____ \ 
   \/_/   \/_/\/___/   \/_/\/_/\/____/\/___/  \/___L\ :
                                                /\____/
                                                \_/__/ v. 1.0 by @Skipper_




[36m[INFO] Initializing...[37m
[INFO] Trying to setup PCM...
[32m[INFO] PCM setup OK.[37m
[INFO] Trying to setup UR sensors...
[32m[INFO] Left UR sensor setup OK.[37m
[32m[INFO] Right UR sensor setup OK.[37m
[INFO] Trying to setup servo...
[32m[INFO] Servo setup OK.[37m
[INFO] Logger initialized.

[2022-06-14 12:50:29] : 
[INFO] Logger initialized.

   ___              __       ___                       
 /'___\ __         /\ \     /\_ \                      
/\ \__//\_\    ____\ \ \___ \//\ \     ___      __     
\ \ ,__\/\ \  /',__\ \  _ `\ \ \ \   / __`\  /'_ `\   
 \ \ \_/\ \ \/\__, `\ \ \ \ \ \_\ \_/\ \L\ \/\ \L\ \  
  \ \_\  \ \_\/\____/ \ \_\ \_\/\____\ \____/\ \____ \ 
   \/_/   \/_/\/___/   \/_/\/_/\/____/\/___/  \/___L\ :
                                                /\____/
                                                \_/__/ v. 1.0 by @Skipper_




[36m[INFO] Initializing...[37m
[INFO] Trying to setup PCM...
[32m[INFO] PCM setup OK.[37m
[INFO] Trying to setup UR sensors...
[32m[INFO] Left UR sensor setup OK.[37m
[32m[INFO] Right UR sensor setup OK.[37m
[INFO] Trying to setup servo...
[32m[INFO] Servo setup OK.[37m
Traceback (most recent call last):
  File "fishlog.py", line 83, in <module>
    print(Fore.S + "[START] Setup complete, moving on to main loop." + Fore.WHITE)
AttributeError: 'AnsiFore' object has no attribute 'S'
[INFO] Logger initialized.

[2022-06-14 12:51:12] : 
[INFO] Logger initialized.

   ___              __       ___                       
 /'___\ __         /\ \     /\_ \                      
/\ \__//\_\    ____\ \ \___ \//\ \     ___      __     
\ \ ,__\/\ \  /',__\ \  _ `\ \ \ \   / __`\  /'_ `\   
 \ \ \_/\ \ \/\__, `\ \ \ \ \ \_\ \_/\ \L\ \/\ \L\ \  
  \ \_\  \ \_\/\____/ \ \_\ \_\/\____\ \____/\ \____ \ 
   \/_/   \/_/\/___/   \/_/\/_/\/____/\/___/  \/___L\ :
                                                /\____/
                                                \_/__/ v. 1.0 by @Skipper_




[36m[INFO] Initializing...[37m
[INFO] Trying to setup PCM...
[32m[INFO] PCM setup OK.[37m
[INFO] Trying to setup UR sensors...
[32m[INFO] Left UR sensor setup OK.[37m
[32m[INFO] Right UR sensor setup OK.[37m
[INFO] Trying to setup servo...
[32m[INFO] Servo setup OK.[37m
Traceback (most recent call last):
  File "fishlog.py", line 83, in <module>
    print(Fore.S + "[START] Setup complete, moving on to main loop." + Fore.WHITE)
AttributeError: 'AnsiFore' object has no attribute 'S'
[INFO] Logger initialized.

[2022-06-14 12:51:25] : 

   ___              __       ___                       
 /'___\ __         /\ \     /\_ \                      
/\ \__//\_\    ____\ \ \___ \//\ \     ___      __     
\ \ ,__\/\ \  /',__\ \  _ `\ \ \ \   / __`\  /'_ `\   
 \ \ \_/\ \ \/\__, `\ \ \ \ \ \_\ \_/\ \L\ \/\ \L\ \  
  \ \_\  \ \_\/\____/ \ \_\ \_\/\____\ \____/\ \____ \ 
   \/_/   \/_/\/___/   \/_/\/_/\/____/\/___/  \/___L\ :
                                                /\____/
                                                \_/__/ v. 1.0 by @Skipper_




[36m[INFO] Initializing...[37m
[INFO] Trying to setup PCM...
[32m[INFO] PCM setup OK.[37m
[INFO] Trying to setup UR sensors...
[32m[INFO] Left UR sensor setup OK.[37m
[32m[INFO] Right UR sensor setup OK.[37m
[INFO] Trying to setup servo...
[32m[INFO] Servo setup OK.[37m
[INFO] Logger initialized.

[2022-06-14 12:52:55] : 

   ___              __       ___                       
 /'___\ __         /\ \     /\_ \                      
/\ \__//\_\    ____\ \ \___ \//\ \     ___      __     
\ \ ,__\/\ \  /',__\ \  _ `\ \ \ \   / __`\  /'_ `\   
 \ \ \_/\ \ \/\__, `\ \ \ \ \ \_\ \_/\ \L\ \/\ \L\ \  
  \ \_\  \ \_\/\____/ \ \_\ \_\/\____\ \____/\ \____ \ 
   \/_/   \/_/\/___/   \/_/\/_/\/____/\/___/  \/___L\ :
                                                /\____/
                                                \_/__/ v. 1.0 by @Skipper_




[36m[INFO] Initializing...[37m
[INFO] Trying to setup PCM...
[32m[INFO] PCM setup OK.[37m
[INFO] Trying to setup UR sensors...
[32m[INFO] Left UR sensor setup OK.[37m
[32m[INFO] Right UR sensor setup OK.[37m
[INFO] Logger initialized.

[2022-06-14 12:53:46] : 

   ___              __       ___                       
 /'___\ __         /\ \     /\_ \                      
/\ \__//\_\    ____\ \ \___ \//\ \     ___      __     
\ \ ,__\/\ \  /',__\ \  _ `\ \ \ \   / __`\  /'_ `\   
 \ \ \_/\ \ \/\__, `\ \ \ \ \ \_\ \_/\ \L\ \/\ \L\ \  
  \ \_\  \ \_\/\____/ \ \_\ \_\/\____\ \____/\ \____ \ 
   \/_/   \/_/\/___/   \/_/\/_/\/____/\/___/  \/___L\ :
                                                /\____/
                                                \_/__/ v. 1.0 by @Skipper_




[36m[INFO] Initializing...[37m
[INFO] Trying to setup PCM...
[32m[INFO] PCM setup OK.[37m
[INFO] Trying to setup UR sensors...
[32m[INFO] Left UR sensor setup OK.[37m
[32m[INFO] Right UR sensor setup OK.[37m
[INFO] Trying to setup servo...
[32m[INFO] Servo setup OK.[37m
[INFO] Logger initialized.

[2022-06-14 12:54:22] : 

   ___              __       ___                       
 /'___\ __         /\ \     /\_ \                      
/\ \__//\_\    ____\ \ \___ \//\ \     ___      __     
\ \ ,__\/\ \  /',__\ \  _ `\ \ \ \   / __`\  /'_ `\   
 \ \ \_/\ \ \/\__, `\ \ \ \ \ \_\ \_/\ \L\ \/\ \L\ \  
  \ \_\  \ \_\/\____/ \ \_\ \_\/\____\ \____/\ \____ \ 
   \/_/   \/_/\/___/   \/_/\/_/\/____/\/___/  \/___L\ :
                                                /\____/
                                                \_/__/ v. 1.0 by @Skipper_




[36m[INFO] Initializing...[37m
[INFO] Trying to setup PCM...
[32m[INFO] PCM setup OK.[37m
[INFO] Trying to setup UR sensors...
[32m[INFO] Left UR sensor setup OK.[37m
[32m[INFO] Right UR sensor setup OK.[37m
[INFO] Trying to setup servo...
[32m[INFO] Servo setup OK.[37m
[INFO] Logger initialized.

[2022-06-14 12:54:53] : 

   ___              __       ___                       
 /'___\ __         /\ \     /\_ \                      
/\ \__//\_\    ____\ \ \___ \//\ \     ___      __     
\ \ ,__\/\ \  /',__\ \  _ `\ \ \ \   / __`\  /'_ `\   
 \ \ \_/\ \ \/\__, `\ \ \ \ \ \_\ \_/\ \L\ \/\ \L\ \  
  \ \_\  \ \_\/\____/ \ \_\ \_\/\____\ \____/\ \____ \ 
   \/_/   \/_/\/___/   \/_/\/_/\/____/\/___/  \/___L\ :
                                                /\____/
                                                \_/__/ v. 1.0 by @Skipper_




[36m[INFO] Initializing...[37m
[INFO] Trying to setup PCM...
[32m[INFO] PCM setup OK.[37m
[INFO] Trying to setup UR sensors...
[32m[INFO] Left UR sensor setup OK.[37m
[32m[INFO] Right UR sensor setup OK.[37m
[INFO] Trying to setup servo...
[32m[INFO] Servo setup OK.[37m
[32m[START] Setup complete, moving on to main loop.[37m
[INFO] Logger initialized.

[2022-06-14 12:56:32] : 

   ___              __       ___                       
 /'___\ __         /\ \     /\_ \                      
/\ \__//\_\    ____\ \ \___ \//\ \     ___      __     
\ \ ,__\/\ \  /',__\ \  _ `\ \ \ \   / __`\  /'_ `\   
 \ \ \_/\ \ \/\__, `\ \ \ \ \ \_\ \_/\ \L\ \/\ \L\ \  
  \ \_\  \ \_\/\____/ \ \_\ \_\/\____\ \____/\ \____ \ 
   \/_/   \/_/\/___/   \/_/\/_/\/____/\/___/  \/___L\ :
                                                /\____/
                                                \_/__/ v. 1.0 by @Skipper_




[INFO] Initializing...
[INFO] Trying to setup PCM...
[INFO] PCM setup OK.
[INFO] Trying to setup UR sensors...
[INFO] Left UR sensor setup OK.
[INFO] Right UR sensor setup OK.
[INFO] Trying to setup servo...
[INFO] Servo setup OK.
[START] Setup complete, moving on to main loop.
[INFO] Logger initialized.

[2022-06-14 12:59:47] : 

   ___              __       ___                       
 /'___\ __         /\ \     /\_ \                      
/\ \__//\_\    ____\ \ \___ \//\ \     ___      __     
\ \ ,__\/\ \  /',__\ \  _ `\ \ \ \   / __`\  /'_ `\   
 \ \ \_/\ \ \/\__, `\ \ \ \ \ \_\ \_/\ \L\ \/\ \L\ \  
  \ \_\  \ \_\/\____/ \ \_\ \_\/\____\ \____/\ \____ \ 
   \/_/   \/_/\/___/   \/_/\/_/\/____/\/___/  \/___L\ :
                                                /\____/
                                                \_/__/ v. 1.0 by @Skipper_




[36m[INFO] Initializing...[37m
[INFO] Trying to setup PCM...
[32m[INFO] PCM setup OK.[37m
[INFO] Trying to setup UR sensors...
[32m[INFO] Left UR sensor setup OK.[37m
[32m[INFO] Right UR sensor setup OK.[37m
[INFO] Trying to setup servo...
[32m[INFO] Servo setup OK.[37m
[INFO] Logger initialized.

[2022-06-14 13:02:05] : 

   ___              __       ___                       
 /'___\ __         /\ \     /\_ \                      
/\ \__//\_\    ____\ \ \___ \//\ \     ___      __     
\ \ ,__\/\ \  /',__\ \  _ `\ \ \ \   / __`\  /'_ `\   
 \ \ \_/\ \ \/\__, `\ \ \ \ \ \_\ \_/\ \L\ \/\ \L\ \  
  \ \_\  \ \_\/\____/ \ \_\ \_\/\____\ \____/\ \____ \ 
   \/_/   \/_/\/___/   \/_/\/_/\/____/\/___/  \/___L\ :
                                                /\____/
                                                \_/__/ v. 1.0 by @Skipper_




[36m[INFO] Initializing...[37m
[INFO] Trying to setup PCM...
[32m[INFO] PCM setup OK.[37m
[INFO] Trying to setup UR sensors...
[32m[INFO] Left UR sensor setup OK.[37m
[32m[INFO] Right UR sensor setup OK.[37m
[INFO] Trying to setup servo...
[32m[INFO] Servo setup OK.[37m
[INFO] Logger initialized.

[2022-06-14 13:02:41] : 

   ___              __       ___                       
 /'___\ __         /\ \     /\_ \                      
/\ \__//\_\    ____\ \ \___ \//\ \     ___      __     
\ \ ,__\/\ \  /',__\ \  _ `\ \ \ \   / __`\  /'_ `\   
 \ \ \_/\ \ \/\__, `\ \ \ \ \ \_\ \_/\ \L\ \/\ \L\ \  
  \ \_\  \ \_\/\____/ \ \_\ \_\/\____\ \____/\ \____ \ 
   \/_/   \/_/\/___/   \/_/\/_/\/____/\/___/  \/___L\ :
                                                /\____/
                                                \_/__/ v. 1.0 by @Skipper_




[36m[INFO] Initializing...[37m
[INFO] Trying to setup PCM...
[32m[INFO] PCM setup OK.[37m
[INFO] Trying to setup UR sensors...
[32m[INFO] Left UR sensor setup OK.[37m
[32m[INFO] Right UR sensor setup OK.[37m
[INFO] Trying to setup servo...
[32m[INFO] Servo setup OK.[37m
[INFO] Logger initialized.

[2022-06-14 13:03:35] : 

   ___              __       ___                       
 /'___\ __         /\ \     /\_ \                      
/\ \__//\_\    ____\ \ \___ \//\ \     ___      __     
\ \ ,__\/\ \  /',__\ \  _ `\ \ \ \   / __`\  /'_ `\   
 \ \ \_/\ \ \/\__, `\ \ \ \ \ \_\ \_/\ \L\ \/\ \L\ \  
  \ \_\  \ \_\/\____/ \ \_\ \_\/\____\ \____/\ \____ \ 
   \/_/   \/_/\/___/   \/_/\/_/\/____/\/___/  \/___L\ :
                                                /\____/
                                                \_/__/ v. 1.0 by @Skipper_




[36m[INFO] Initializing...[37m
[INFO] Trying to setup PCM...
[32m[INFO] PCM setup OK.[37m
[INFO] Trying to setup UR sensors...
[32m[INFO] Left UR sensor setup OK.[37m
[32m[INFO] Right UR sensor setup OK.[37m
[INFO] Trying to setup servo...
[32m[INFO] Servo setup OK.[37m
[INFO] Logger initialized.

[2022-06-14 13:04:06] : 

   ___              __       ___                       
 /'___\ __         /\ \     /\_ \                      
/\ \__//\_\    ____\ \ \___ \//\ \     ___      __     
\ \ ,__\/\ \  /',__\ \  _ `\ \ \ \   / __`\  /'_ `\   
 \ \ \_/\ \ \/\__, `\ \ \ \ \ \_\ \_/\ \L\ \/\ \L\ \  
  \ \_\  \ \_\/\____/ \ \_\ \_\/\____\ \____/\ \____ \ 
   \/_/   \/_/\/___/   \/_/\/_/\/____/\/___/  \/___L\ :
                                                /\____/
                                                \_/__/ v. 1.0 by @Skipper_




[36m[INFO] Initializing...[37m
[INFO] Trying to setup PCM...
[32m[INFO] PCM setup OK.[37m
[INFO] Trying to setup UR sensors...
[32m[INFO] Left UR sensor setup OK.[37m
[32m[INFO] Right UR sensor setup OK.[37m
[INFO] Trying to setup servo...
[32m[INFO] Servo setup OK.[37m
[INFO] Logger initialized.

[2022-06-14 13:05:30] : 
[36m[INFO] Initializing...[37m
[INFO] Trying to setup PCM...
[32m[INFO] PCM setup OK.[37m
[INFO] Trying to setup UR sensors...
[32m[INFO] Left UR sensor setup OK.[37m
[32m[INFO] Right UR sensor setup OK.[37m
[INFO] Trying to setup servo...
[32m[INFO] Servo setup OK.[37m
[INFO] Logger initialized.

[2022-06-14 13:06:52] : 
ok
[INFO] Logger initialized.

[2022-06-14 13:06:58] : 
ok
[INFO] Logger initialized.

[2022-06-14 13:07:09] : 
ok
[INFO] Logger initialized.

[2022-06-14 13:07:22] : 
ok
[INFO] Logger initialized.

[2022-06-14 13:07:37] : 
[31m[ERROR] Exception detected, please have a look at the error log.[37mok
[INFO] Logger initialized.

   ___              __       ___                       
 /'___\ __         /\ \     /\_ \                      
/\ \__//\_\    ____\ \ \___ \//\ \     ___      __     
\ \ ,__\/\ \  /',__\ \  _ `\ \ \ \   / __`\  /'_ `\   
 \ \ \_/\ \ \/\__, `\ \ \ \ \ \_\ \_/\ \L\ \/\ \L\ \  
  \ \_\  \ \_\/\____/ \ \_\ \_\/\____\ \____/\ \____ \ 
   \/_/   \/_/\/___/   \/_/\/_/\/____/\/___/  \/___L\ :
                                                /\____/
                                                \_/__/ v. 1.0 by @Skipper_




[2022-06-14 13:08:26] : 
[31m[ERROR] Exception detected, please have a look at the error log.[37mok
[INFO] Logger initialized.

   ___              __       ___                       
 /'___\ __         /\ \     /\_ \                      
/\ \__//\_\    ____\ \ \___ \//\ \     ___      __     
\ \ ,__\/\ \  /',__\ \  _ `\ \ \ \   / __`\  /'_ `\   
 \ \ \_/\ \ \/\__, `\ \ \ \ \ \_\ \_/\ \L\ \/\ \L\ \  
  \ \_\  \ \_\/\____/ \ \_\ \_\/\____\ \____/\ \____ \ 
   \/_/   \/_/\/___/   \/_/\/_/\/____/\/___/  \/___L\ :
                                                /\____/
                                                \_/__/ v. 1.0 by @Skipper_




[2022-06-14 13:11:01] : 
ok
[INFO] Logger initialized.

   ___              __       ___                       
 /'___\ __         /\ \     /\_ \                      
/\ \__//\_\    ____\ \ \___ \//\ \     ___      __     
\ \ ,__\/\ \  /',__\ \  _ `\ \ \ \   / __`\  /'_ `\   
 \ \ \_/\ \ \/\__, `\ \ \ \ \ \_\ \_/\ \L\ \/\ \L\ \  
  \ \_\  \ \_\/\____/ \ \_\ \_\/\____\ \____/\ \____ \ 
   \/_/   \/_/\/___/   \/_/\/_/\/____/\/___/  \/___L\ :
                                                /\____/
                                                \_/__/ v. 1.0 by @Skipper_




[2022-06-14 13:11:36] : 
[36m[INFO] Initializing...[37m
[INFO] Trying to setup PCM...
[32m[INFO] PCM setup OK.[37m
[INFO] Trying to setup UR sensors...
[32m[INFO] Left UR sensor setup OK.[37m
[32m[INFO] Right UR sensor setup OK.[37m
[INFO] Trying to setup servo...
[32m[INFO] Servo setup OK.[37m
[35m[START] Setup complete, moving on to main loop.[37m
[INFO] Logger initialized.

   ___              __       ___                       
 /'___\ __         /\ \     /\_ \                      
/\ \__//\_\    ____\ \ \___ \//\ \     ___      __     
\ \ ,__\/\ \  /',__\ \  _ `\ \ \ \   / __`\  /'_ `\   
 \ \ \_/\ \ \/\__, `\ \ \ \ \ \_\ \_/\ \L\ \/\ \L\ \  
  \ \_\  \ \_\/\____/ \ \_\ \_\/\____\ \____/\ \____ \ 
   \/_/   \/_/\/___/   \/_/\/_/\/____/\/___/  \/___L\ :
                                                /\____/
                                                \_/__/ v. 1.0 by @Skipper_




[2022-06-14 13:11:50] : 
[36m[INFO] Initializing...[37m
[INFO] Trying to setup PCM...
[32m[INFO] PCM setup OK.[37m
[INFO] Trying to setup UR sensors...
[32m[INFO] Left UR sensor setup OK.[37m
[32m[INFO] Right UR sensor setup OK.[37m
[INFO] Trying to setup servo...
[INFO] Logger initialized.

   ___              __       ___                       
 /'___\ __         /\ \     /\_ \                      
/\ \__//\_\    ____\ \ \___ \//\ \     ___      __     
\ \ ,__\/\ \  /',__\ \  _ `\ \ \ \   / __`\  /'_ `\   
 \ \ \_/\ \ \/\__, `\ \ \ \ \ \_\ \_/\ \L\ \/\ \L\ \  
  \ \_\  \ \_\/\____/ \ \_\ \_\/\____\ \____/\ \____ \ 
   \/_/   \/_/\/___/   \/_/\/_/\/____/\/___/  \/___L\ :
                                                /\____/
                                                \_/__/ v. 1.0 by @Skipper_




[2022-06-14 13:12:50] : 
[36m[INFO] Initializing...[37m
[INFO] Trying to setup PCM...
[32m[INFO] PCM setup OK.[37m
[INFO] Trying to setup UR sensors...
[32m[INFO] Left UR sensor setup OK.[37m
[32m[INFO] Right UR sensor setup OK.[37m
[INFO] Trying to setup servo...
[INFO] Logger initialized.

   ___              __       ___                       
 /'___\ __         /\ \     /\_ \                      
/\ \__//\_\    ____\ \ \___ \//\ \     ___      __     
\ \ ,__\/\ \  /',__\ \  _ `\ \ \ \   / __`\  /'_ `\   
 \ \ \_/\ \ \/\__, `\ \ \ \ \ \_\ \_/\ \L\ \/\ \L\ \  
  \ \_\  \ \_\/\____/ \ \_\ \_\/\____\ \____/\ \____ \ 
   \/_/   \/_/\/___/   \/_/\/_/\/____/\/___/  \/___L\ :
                                                /\____/
                                                \_/__/ v. 1.0 by @Skipper_




[2022-06-14 13:14:54] : 
[31m[ERROR] Exception detected, please have a look at the error log.[37m[INFO] Logger initialized.

   ___              __       ___                       
 /'___\ __         /\ \     /\_ \                      
/\ \__//\_\    ____\ \ \___ \//\ \     ___      __     
\ \ ,__\/\ \  /',__\ \  _ `\ \ \ \   / __`\  /'_ `\   
 \ \ \_/\ \ \/\__, `\ \ \ \ \ \_\ \_/\ \L\ \/\ \L\ \  
  \ \_\  \ \_\/\____/ \ \_\ \_\/\____\ \____/\ \____ \ 
   \/_/   \/_/\/___/   \/_/\/_/\/____/\/___/  \/___L\ :
                                                /\____/
                                                \_/__/ v. 1.0 by @Skipper_



[31m[ERROR] Exception detected, please have a look at the error log.[37m[36m[INFO] Initializing...[37m
[INFO] Trying to setup PCM...
[32m[INFO] PCM setup OK.[37m
[INFO] Trying to setup UR sensors...
[32m[INFO] Left UR sensor setup OK.[37m
[32m[INFO] Right UR sensor setup OK.[37m
[INFO] Trying to setup servo...
Traceback (most recent call last):
  File "fishlog.py", line 93, in <module>
    test()
  File "fishlog.py", line 85, in test
    print(Fore.GREE + "[INFO] Servo setup OK." + Fore.WHITE)
AttributeError: 'AnsiFore' object has no attribute 'GREE'
[INFO] Logger initialized.

   ___              __       ___                       
 /'___\ __         /\ \     /\_ \                      
/\ \__//\_\    ____\ \ \___ \//\ \     ___      __     
\ \ ,__\/\ \  /',__\ \  _ `\ \ \ \   / __`\  /'_ `\   
 \ \ \_/\ \ \/\__, `\ \ \ \ \ \_\ \_/\ \L\ \/\ \L\ \  
  \ \_\  \ \_\/\____/ \ \_\ \_\/\____\ \____/\ \____ \ 
   \/_/   \/_/\/___/   \/_/\/_/\/____/\/___/  \/___L\ :
                                                /\____/
                                                \_/__/ v. 1.0 by @Skipper_




[2022-06-14 13:15:37] : 
[INFO] Logger initialized.

   ___              __       ___                       
 /'___\ __         /\ \     /\_ \                      
/\ \__//\_\    ____\ \ \___ \//\ \     ___      __     
\ \ ,__\/\ \  /',__\ \  _ `\ \ \ \   / __`\  /'_ `\   
 \ \ \_/\ \ \/\__, `\ \ \ \ \ \_\ \_/\ \L\ \/\ \L\ \  
  \ \_\  \ \_\/\____/ \ \_\ \_\/\____\ \____/\ \____ \ 
   \/_/   \/_/\/___/   \/_/\/_/\/____/\/___/  \/___L\ :
                                                /\____/
                                                \_/__/ v. 1.0 by @Skipper_



[36m[INFO] Initializing...[37m
[INFO] Trying to setup PCM...
[32m[INFO] PCM setup OK.[37m
[INFO] Trying to setup UR sensors...
[32m[INFO] Left UR sensor setup OK.[37m
[32m[INFO] Right UR sensor setup OK.[37m
[INFO] Trying to setup servo...
Traceback (most recent call last):
  File "fishlog.py", line 92, in <module>
    test()
  File "fishlog.py", line 84, in test
    print(Fore.GREE + "[INFO] Servo setup OK." + Fore.WHITE)
AttributeError: 'AnsiFore' object has no attribute 'GREE'
[INFO] Logger initialized.

   ___              __       ___                       
 /'___\ __         /\ \     /\_ \                      
/\ \__//\_\    ____\ \ \___ \//\ \     ___      __     
\ \ ,__\/\ \  /',__\ \  _ `\ \ \ \   / __`\  /'_ `\   
 \ \ \_/\ \ \/\__, `\ \ \ \ \ \_\ \_/\ \L\ \/\ \L\ \  
  \ \_\  \ \_\/\____/ \ \_\ \_\/\____\ \____/\ \____ \ 
   \/_/   \/_/\/___/   \/_/\/_/\/____/\/___/  \/___L\ :
                                                /\____/
                                                \_/__/ v. 1.0 by @Skipper_




[2022-06-14 13:15:54] : 
[INFO] Logger initialized.

   ___              __       ___                       
 /'___\ __         /\ \     /\_ \                      
/\ \__//\_\    ____\ \ \___ \//\ \     ___      __     
\ \ ,__\/\ \  /',__\ \  _ `\ \ \ \   / __`\  /'_ `\   
 \ \ \_/\ \ \/\__, `\ \ \ \ \ \_\ \_/\ \L\ \/\ \L\ \  
  \ \_\  \ \_\/\____/ \ \_\ \_\/\____\ \____/\ \____ \ 
   \/_/   \/_/\/___/   \/_/\/_/\/____/\/___/  \/___L\ :
                                                /\____/
                                                \_/__/ v. 1.0 by @Skipper_



[36m[INFO] Initializing...[37m
[INFO] Trying to setup PCM...
[32m[INFO] PCM setup OK.[37m
[INFO] Trying to setup UR sensors...
[32m[INFO] Left UR sensor setup OK.[37m
[32m[INFO] Right UR sensor setup OK.[37m
[INFO] Trying to setup servo...
Traceback (most recent call last):
  File "fishlog.py", line 92, in <module>
    test()
  File "fishlog.py", line 84, in test
    print(Fore.GREE + "[INFO] Servo setup OK." + Fore.WHITE)
AttributeError: 'AnsiFore' object has no attribute 'GREE'
[INFO] Logger initialized.

   ___              __       ___                       
 /'___\ __         /\ \     /\_ \                      
/\ \__//\_\    ____\ \ \___ \//\ \     ___      __     
\ \ ,__\/\ \  /',__\ \  _ `\ \ \ \   / __`\  /'_ `\   
 \ \ \_/\ \ \/\__, `\ \ \ \ \ \_\ \_/\ \L\ \/\ \L\ \  
  \ \_\  \ \_\/\____/ \ \_\ \_\/\____\ \____/\ \____ \ 
   \/_/   \/_/\/___/   \/_/\/_/\/____/\/___/  \/___L\ :
                                                /\____/
                                                \_/__/ v. 1.0 by @Skipper_




[2022-06-14 13:15:54] : 
Traceback (most recent call last):
  File "fishlog.py", line 92, in <module>
    test()
  File "fishlog.py", line 84, in test
    print(Fore.GREE + "[INFO] Servo setup OK." + Fore.WHITE)
AttributeError: 'AnsiFore' object has no attribute 'GREE'
[INFO] Logger initialized.

   ___              __       ___                       
 /'___\ __         /\ \     /\_ \                      
/\ \__//\_\    ____\ \ \___ \//\ \     ___      __     
\ \ ,__\/\ \  /',__\ \  _ `\ \ \ \   / __`\  /'_ `\   
 \ \ \_/\ \ \/\__, `\ \ \ \ \ \_\ \_/\ \L\ \/\ \L\ \  
  \ \_\  \ \_\/\____/ \ \_\ \_\/\____\ \____/\ \____ \ 
   \/_/   \/_/\/___/   \/_/\/_/\/____/\/___/  \/___L\ :
                                                /\____/
                                                \_/__/ v. 1.0 by @Skipper_




[2022-06-14 13:16:47] : 
[36m[INFO] Initializing...[37m
[INFO] Trying to setup PCM...
[32m[INFO] PCM setup OK.[37m
[INFO] Trying to setup UR sensors...
[32m[INFO] Left UR sensor setup OK.[37m
[32m[INFO] Right UR sensor setup OK.[37m
[INFO] Trying to setup servo...
[INFO] Logger initialized.

   ___              __       ___                       
 /'___\ __         /\ \     /\_ \                      
/\ \__//\_\    ____\ \ \___ \//\ \     ___      __     
\ \ ,__\/\ \  /',__\ \  _ `\ \ \ \   / __`\  /'_ `\   
 \ \ \_/\ \ \/\__, `\ \ \ \ \ \_\ \_/\ \L\ \/\ \L\ \  
  \ \_\  \ \_\/\____/ \ \_\ \_\/\____\ \____/\ \____ \ 
   \/_/   \/_/\/___/   \/_/\/_/\/____/\/___/  \/___L\ :
                                                /\____/
                                                \_/__/ v. 1.0 by @Skipper_




[2022-06-14 13:17:10] : 
[36m[INFO] Initializing...[37m
[INFO] Trying to setup PCM...
[32m[INFO] PCM setup OK.[37m
[INFO] Trying to setup UR sensors...
[32m[INFO] Left UR sensor setup OK.[37m
[32m[INFO] Right UR sensor setup OK.[37m
[INFO] Trying to setup servo...
[INFO] Logger initialized.

[2022-06-14 13:17:59] : 
ok
[INFO] Logger initialized.

[2022-06-14 13:18:13] : 
[INFO] Logger initialized.

[2022-06-14 13:18:16] : 
[INFO] Logger initialized.

[2022-06-14 13:18:29] : 
[INFO] Logger initialized.

[2022-06-14 13:18:43] : 
[INFO] Logger initialized.

[2022-06-14 13:18:48] : 
[INFO] Logger initialized.

   ___              __       ___                       
 /'___\ __         /\ \     /\_ \                      
/\ \__//\_\    ____\ \ \___ \//\ \     ___      __     
\ \ ,__\/\ \  /',__\ \  _ `\ \ \ \   / __`\  /'_ `\   
 \ \ \_/\ \ \/\__, `\ \ \ \ \ \_\ \_/\ \L\ \/\ \L\ \  
  \ \_\  \ \_\/\____/ \ \_\ \_\/\____\ \____/\ \____ \ 
   \/_/   \/_/\/___/   \/_/\/_/\/____/\/___/  \/___L\ :
                                                /\____/
                                                \_/__/ v. 1.0 by @Skipper_




[2022-06-14 13:19:05] : 
[INFO] Logger initialized.

   ___              __       ___                       
 /'___\ __         /\ \     /\_ \                      
/\ \__//\_\    ____\ \ \___ \//\ \     ___      __     
\ \ ,__\/\ \  /',__\ \  _ `\ \ \ \   / __`\  /'_ `\   
 \ \ \_/\ \ \/\__, `\ \ \ \ \ \_\ \_/\ \L\ \/\ \L\ \  
  \ \_\  \ \_\/\____/ \ \_\ \_\/\____\ \____/\ \____ \ 
   \/_/   \/_/\/___/   \/_/\/_/\/____/\/___/  \/___L\ :
                                                /\____/
                                                \_/__/ v. 1.0 by @Skipper_




[2022-06-14 13:19:09] : 
[INFO] Logger initialized.

   ___              __       ___                       
 /'___\ __         /\ \     /\_ \                      
/\ \__//\_\    ____\ \ \___ \//\ \     ___      __     
\ \ ,__\/\ \  /',__\ \  _ `\ \ \ \   / __`\  /'_ `\   
 \ \ \_/\ \ \/\__, `\ \ \ \ \ \_\ \_/\ \L\ \/\ \L\ \  
  \ \_\  \ \_\/\____/ \ \_\ \_\/\____\ \____/\ \____ \ 
   \/_/   \/_/\/___/   \/_/\/_/\/____/\/___/  \/___L\ :
                                                /\____/
                                                \_/__/ v. 1.0 by @Skipper_




[2022-06-14 13:19:42] : 
[INFO] Logger initialized.

   ___              __       ___                       
 /'___\ __         /\ \     /\_ \                      
/\ \__//\_\    ____\ \ \___ \//\ \     ___      __     
\ \ ,__\/\ \  /',__\ \  _ `\ \ \ \   / __`\  /'_ `\   
 \ \ \_/\ \ \/\__, `\ \ \ \ \ \_\ \_/\ \L\ \/\ \L\ \  
  \ \_\  \ \_\/\____/ \ \_\ \_\/\____\ \____/\ \____ \ 
   \/_/   \/_/\/___/   \/_/\/_/\/____/\/___/  \/___L\ :
                                                /\____/
                                                \_/__/ v. 1.0 by @Skipper_




[2022-06-14 13:21:12] : 
[INFO] Logger initialized.

   ___              __       ___                       
 /'___\ __         /\ \     /\_ \                      
/\ \__//\_\    ____\ \ \___ \//\ \     ___      __     
\ \ ,__\/\ \  /',__\ \  _ `\ \ \ \   / __`\  /'_ `\   
 \ \ \_/\ \ \/\__, `\ \ \ \ \ \_\ \_/\ \L\ \/\ \L\ \  
  \ \_\  \ \_\/\____/ \ \_\ \_\/\____\ \____/\ \____ \ 
   \/_/   \/_/\/___/   \/_/\/_/\/____/\/___/  \/___L\ :
                                                /\____/
                                                \_/__/ v. 1.0 by @Skipper_




[2022-06-14 13:21:19] : 
[INFO] Logger initialized.

   ___              __       ___                       
 /'___\ __         /\ \     /\_ \                      
/\ \__//\_\    ____\ \ \___ \//\ \     ___      __     
\ \ ,__\/\ \  /',__\ \  _ `\ \ \ \   / __`\  /'_ `\   
 \ \ \_/\ \ \/\__, `\ \ \ \ \ \_\ \_/\ \L\ \/\ \L\ \  
  \ \_\  \ \_\/\____/ \ \_\ \_\/\____\ \____/\ \____ \ 
   \/_/   \/_/\/___/   \/_/\/_/\/____/\/___/  \/___L\ :
                                                /\____/
                                                \_/__/ v. 1.0 by @Skipper_





[INFO] Logger initialized.

   ___              __       ___                       
 /'___\ __         /\ \     /\_ \                      
/\ \__//\_\    ____\ \ \___ \//\ \     ___      __     
\ \ ,__\/\ \  /',__\ \  _ `\ \ \ \   / __`\  /'_ `\   
 \ \ \_/\ \ \/\__, `\ \ \ \ \ \_\ \_/\ \L\ \/\ \L\ \  
  \ \_\  \ \_\/\____/ \ \_\ \_\/\____\ \____/\ \____ \ 
   \/_/   \/_/\/___/   \/_/\/_/\/____/\/___/  \/___L\ :
                                                /\____/
                                                \_/__/ v. 1.0 by @Skipper_




[2022-06-14 13:21:56] : 
[INFO] Logger initialized.

   ___              __       ___                       
 /'___\ __         /\ \     /\_ \                      
/\ \__//\_\    ____\ \ \___ \//\ \     ___      __     
\ \ ,__\/\ \  /',__\ \  _ `\ \ \ \   / __`\  /'_ `\   
 \ \ \_/\ \ \/\__, `\ \ \ \ \ \_\ \_/\ \L\ \/\ \L\ \  
  \ \_\  \ \_\/\____/ \ \_\ \_\/\____\ \____/\ \____ \ 
   \/_/   \/_/\/___/   \/_/\/_/\/____/\/___/  \/___L\ :
                                                /\____/
                                                \_/__/ v. 1.0 by @Skipper_




[2022-06-14 13:22:00] : 
[INFO] Logger initialized.

   ___              __       ___                       
 /'___\ __         /\ \     /\_ \                      
/\ \__//\_\    ____\ \ \___ \//\ \     ___      __     
\ \ ,__\/\ \  /',__\ \  _ `\ \ \ \   / __`\  /'_ `\   
 \ \ \_/\ \ \/\__, `\ \ \ \ \ \_\ \_/\ \L\ \/\ \L\ \  
  \ \_\  \ \_\/\____/ \ \_\ \_\/\____\ \____/\ \____ \ 
   \/_/   \/_/\/___/   \/_/\/_/\/____/\/___/  \/___L\ :
                                                /\____/
                                                \_/__/ v. 1.0 by @Skipper_




[2022-06-14 13:24:02] : 
[INFO] Logger initialized.

   ___              __       ___                       
 /'___\ __         /\ \     /\_ \                      
/\ \__//\_\    ____\ \ \___ \//\ \     ___      __     
\ \ ,__\/\ \  /',__\ \  _ `\ \ \ \   / __`\  /'_ `\   
 \ \ \_/\ \ \/\__, `\ \ \ \ \ \_\ \_/\ \L\ \/\ \L\ \  
  \ \_\  \ \_\/\____/ \ \_\ \_\/\____\ \____/\ \____ \ 
   \/_/   \/_/\/___/   \/_/\/_/\/____/\/___/  \/___L\ :
                                                /\____/
                                                \_/__/ v. 1.0 by @Skipper_




[2022-06-14 13:25:43] : 
[INFO] Logger initialized.

   ___              __       ___                       
 /'___\ __         /\ \     /\_ \                      
/\ \__//\_\    ____\ \ \___ \//\ \     ___      __     
\ \ ,__\/\ \  /',__\ \  _ `\ \ \ \   / __`\  /'_ `\   
 \ \ \_/\ \ \/\__, `\ \ \ \ \ \_\ \_/\ \L\ \/\ \L\ \  
  \ \_\  \ \_\/\____/ \ \_\ \_\/\____\ \____/\ \____ \ 
   \/_/   \/_/\/___/   \/_/\/_/\/____/\/___/  \/___L\ :
                                                /\____/
                                                \_/__/ v. 1.0 by @Skipper_



Traceback (most recent call last):
  File "fishlog_v2.py", line 66, in <module>
    test()
  File "fishlog_v2.py", line 61, in test
    print("ok", Fore.D)
AttributeError: 'AnsiFore' object has no attribute 'D'
[INFO] Logger initialized.

   ___              __       ___                       
 /'___\ __         /\ \     /\_ \                      
/\ \__//\_\    ____\ \ \___ \//\ \     ___      __     
\ \ ,__\/\ \  /',__\ \  _ `\ \ \ \   / __`\  /'_ `\   
 \ \ \_/\ \ \/\__, `\ \ \ \ \ \_\ \_/\ \L\ \/\ \L\ \  
  \ \_\  \ \_\/\____/ \ \_\ \_\/\____\ \____/\ \____ \ 
   \/_/   \/_/\/___/   \/_/\/_/\/____/\/___/  \/___L\ :
                                                /\____/
                                                \_/__/ v. 1.0 by @Skipper_




[2022-06-14 13:25:43] : 
Traceback (most recent call last):
  File "fishlog_v2.py", line 66, in <module>
    test()
  File "fishlog_v2.py", line 61, in test
    print("ok", Fore.D)
AttributeError: 'AnsiFore' object has no attribute 'D'
